-- The C compiler identification is GNU 7.5.0
-- The CXX compiler identification is GNU 7.5.0
-- Check for working C compiler: /usr/bin/cc
-- Check for working C compiler: /usr/bin/cc - works
-- Detecting C compiler ABI info
-- Detecting C compiler ABI info - done
-- Detecting C compile features
-- Detecting C compile features - done
-- Check for working CXX compiler: /usr/bin/c++
-- Check for working CXX compiler: /usr/bin/c++ - works
-- Detecting CXX compiler ABI info
-- Detecting CXX compiler ABI info - done
-- Detecting CXX compile features
-- Detecting CXX compile features - done
-- Looking for pthread.h
-- Looking for pthread.h - found
-- Performing Test CMAKE_HAVE_LIBC_PTHREAD
-- Performing Test CMAKE_HAVE_LIBC_PTHREAD - Failed
-- Looking for pthread_create in pthreads
-- Looking for pthread_create in pthreads - not found
-- Looking for pthread_create in pthread
-- Looking for pthread_create in pthread - found
-- Found Threads: TRUE  
-- Configuring done
-- Generating done
-- Build files have been written to: /home/jovyan/multicore-hw2/sources/build
make[1]: Entering directory '/home/jovyan/multicore-hw2/sources/build'
make[2]: Entering directory '/home/jovyan/multicore-hw2/sources/build'
[ 33%] Building NVCC (Device) object CMakeFiles/main.dir/src/main_generated_main.cu.o
[ 66%] Building NVCC (Device) object CMakeFiles/main.dir/src/main_generated_core.cu.o
Scanning dependencies of target main
make[2]: Leaving directory '/home/jovyan/multicore-hw2/sources/build'
make[2]: Entering directory '/home/jovyan/multicore-hw2/sources/build'
[100%] Linking CXX executable main
make[2]: Leaving directory '/home/jovyan/multicore-hw2/sources/build'
[100%] Built target main
make[1]: Leaving directory '/home/jovyan/multicore-hw2/sources/build'


Start benchmark with (k, m, n) = (16384, 1, 65536):

Version 0: 1307.126953
Version 1: 2925.930908
Version 2: 1393.373535
Version 3: 1631.097900
Version 4: 801.996765
Version 5: 1012.263977
Version 6: 764.218018
Version 7: 795.565430

Finish benchmark with (k, m, n) = (16384, 1, 65536).



Start benchmark with (k, m, n) = (16, 1024, 65536):

Version 0: 711.882568
Version 1: 346.368896
Version 2: 11.927936
Version 3: 9.902304
Version 4: 2.740160
Version 5: 3.584704
Version 6: 3.037504
Version 7: 2.769280

Finish benchmark with (k, m, n) = (16, 1024, 65536).

Small sample 0:
---
Search points:
- [ 0.40 0.60 0.60 ]
Reference points:
- 0: [ 0.10 0.50 0.80 ]
- 1: [ 1.00 1.00 0.50 ]
Results:
- 0 (0.374)
cudaCallback: 0.837 ms


Small sample 1:
---
Search points:
- [ 0.60 0.90 0.40 ]
- [ 0.80 0.70 0.10 ]
Reference points:
- 0: [ 0.10 0.60 0.70 ]
- 1: [ 0.70 0.80 0.80 ]
- 2: [ 0.80 0.80 0.60 ]
- 3: [ 0.70 0.30 0.70 ]
- 4: [ 0.10 0.50 0.30 ]
- 5: [ 0.60 0.90 0.80 ]
- 6: [ 0.20 1.00 0.30 ]
- 7: [ 0.00 1.00 0.30 ]
Results:
- 2 (0.300)
- 2 (0.510)
cudaCallback: 0.733 ms


Sample 2:
---
cudaCallback: 0.711 ms


Sample 3:
---
cudaCallback: 0.808 ms


Sample 4:
---
cudaCallback: 1.522 ms


Sample 5:
---
cudaCallback: 0.400 ms


Sample 6:
---
cudaCallback: 0.887 ms


Sample 7:
---
cudaCallback: 2.864 ms


