Determining if the pthread_create exist failed with the following output:
Change Dir: /GPUFS/sysu_hpcedu_302/asc20/WuK/multicore-hw2/sources/build/CMakeFiles/CMakeTmp

Run Build Command(s):/usr/bin/gmake cmTC_8a67e/fast 
/usr/bin/gmake -f CMakeFiles/cmTC_8a67e.dir/build.make CMakeFiles/cmTC_8a67e.dir/build
gmake[1]: Entering directory `/GPUFS/sysu_hpcedu_302/asc20/WuK/multicore-hw2/sources/build/CMakeFiles/CMakeTmp'
Building C object CMakeFiles/cmTC_8a67e.dir/CheckSymbolExists.c.o
/usr/bin/cc   -fPIC    -o CMakeFiles/cmTC_8a67e.dir/CheckSymbolExists.c.o   -c /GPUFS/sysu_hpcedu_302/asc20/WuK/multicore-hw2/sources/build/CMakeFiles/CMakeTmp/CheckSymbolExists.c
Linking C executable cmTC_8a67e
/GPUFS/app_GPU/application/cmake/3.14.3/bin/cmake -E cmake_link_script CMakeFiles/cmTC_8a67e.dir/link.txt --verbose=1
/usr/bin/cc -fPIC     -rdynamic CMakeFiles/cmTC_8a67e.dir/CheckSymbolExists.c.o  -o cmTC_8a67e 
CMakeFiles/cmTC_8a67e.dir/CheckSymbolExists.c.o: In function `main':
CheckSymbolExists.c:(.text+0x1b): undefined reference to `pthread_create'
collect2: error: ld returned 1 exit status
gmake[1]: *** [cmTC_8a67e] Error 1
gmake[1]: Leaving directory `/GPUFS/sysu_hpcedu_302/asc20/WuK/multicore-hw2/sources/build/CMakeFiles/CMakeTmp'
gmake: *** [cmTC_8a67e/fast] Error 2

File /GPUFS/sysu_hpcedu_302/asc20/WuK/multicore-hw2/sources/build/CMakeFiles/CMakeTmp/CheckSymbolExists.c:
/* */
#include <pthread.h>

int main(int argc, char** argv)
{
  (void)argv;
#ifndef pthread_create
  return ((int*)(&pthread_create))[argc];
#else
  (void)argc;
  return 0;
#endif
}

Determining if the function pthread_create exists in the pthreads failed with the following output:
Change Dir: /GPUFS/sysu_hpcedu_302/asc20/WuK/multicore-hw2/sources/build/CMakeFiles/CMakeTmp

Run Build Command(s):/usr/bin/gmake cmTC_dba0c/fast 
/usr/bin/gmake -f CMakeFiles/cmTC_dba0c.dir/build.make CMakeFiles/cmTC_dba0c.dir/build
gmake[1]: Entering directory `/GPUFS/sysu_hpcedu_302/asc20/WuK/multicore-hw2/sources/build/CMakeFiles/CMakeTmp'
Building C object CMakeFiles/cmTC_dba0c.dir/CheckFunctionExists.c.o
/usr/bin/cc   -fPIC -DCHECK_FUNCTION_EXISTS=pthread_create   -o CMakeFiles/cmTC_dba0c.dir/CheckFunctionExists.c.o   -c /GPUFS/app_GPU/application/cmake/3.14.3/share/cmake-3.14/Modules/CheckFunctionExists.c
Linking C executable cmTC_dba0c
/GPUFS/app_GPU/application/cmake/3.14.3/bin/cmake -E cmake_link_script CMakeFiles/cmTC_dba0c.dir/link.txt --verbose=1
/usr/bin/cc -fPIC -DCHECK_FUNCTION_EXISTS=pthread_create    -rdynamic CMakeFiles/cmTC_dba0c.dir/CheckFunctionExists.c.o  -o cmTC_dba0c -lpthreads 
/usr/bin/ld: cannot find -lpthreads
collect2: error: ld returned 1 exit status
gmake[1]: *** [cmTC_dba0c] Error 1
gmake[1]: Leaving directory `/GPUFS/sysu_hpcedu_302/asc20/WuK/multicore-hw2/sources/build/CMakeFiles/CMakeTmp'
gmake: *** [cmTC_dba0c/fast] Error 2


