The system is: Linux - 3.10.0-957.el7.x86_64 - x86_64
Compiling the C compiler identification source file "CMakeCCompilerId.c" succeeded.
Compiler: /usr/bin/cc 
Build flags: -Ofast;-fopenmp
Id flags:  

The output was:
0


Compilation of the C compiler identification source "CMakeCCompilerId.c" produced "a.out"

The C compiler identification is GNU, found in "/GPUFS/sysu_hpcedu_302/asc20/WuK/multicore-hw2/sources/build/CMakeFiles/3.14.3/CompilerIdC/a.out"

Compiling the CXX compiler identification source file "CMakeCXXCompilerId.cpp" succeeded.
Compiler: /usr/bin/c++ 
Build flags: -Ofast;-fopenmp
Id flags:  

The output was:
0


Compilation of the CXX compiler identification source "CMakeCXXCompilerId.cpp" produced "a.out"

The CXX compiler identification is GNU, found in "/GPUFS/sysu_hpcedu_302/asc20/WuK/multicore-hw2/sources/build/CMakeFiles/3.14.3/CompilerIdCXX/a.out"

Determining if the C compiler works passed with the following output:
Change Dir: /GPUFS/sysu_hpcedu_302/asc20/WuK/multicore-hw2/sources/build/CMakeFiles/CMakeTmp

Run Build Command(s):/usr/bin/gmake cmTC_9d4e4/fast 
/usr/bin/gmake -f CMakeFiles/cmTC_9d4e4.dir/build.make CMakeFiles/cmTC_9d4e4.dir/build
gmake[1]: Entering directory `/GPUFS/sysu_hpcedu_302/asc20/WuK/multicore-hw2/sources/build/CMakeFiles/CMakeTmp'
Building C object CMakeFiles/cmTC_9d4e4.dir/testCCompiler.c.o
/usr/bin/cc   -Ofast -fopenmp    -o CMakeFiles/cmTC_9d4e4.dir/testCCompiler.c.o   -c /GPUFS/sysu_hpcedu_302/asc20/WuK/multicore-hw2/sources/build/CMakeFiles/CMakeTmp/testCCompiler.c
Linking C executable cmTC_9d4e4
/GPUFS/app_GPU/application/cmake/3.14.3/bin/cmake -E cmake_link_script CMakeFiles/cmTC_9d4e4.dir/link.txt --verbose=1
/usr/bin/cc -Ofast -fopenmp     -rdynamic CMakeFiles/cmTC_9d4e4.dir/testCCompiler.c.o  -o cmTC_9d4e4 
gmake[1]: Leaving directory `/GPUFS/sysu_hpcedu_302/asc20/WuK/multicore-hw2/sources/build/CMakeFiles/CMakeTmp'


Detecting C compiler ABI info compiled with the following output:
Change Dir: /GPUFS/sysu_hpcedu_302/asc20/WuK/multicore-hw2/sources/build/CMakeFiles/CMakeTmp

Run Build Command(s):/usr/bin/gmake cmTC_4026d/fast 
/usr/bin/gmake -f CMakeFiles/cmTC_4026d.dir/build.make CMakeFiles/cmTC_4026d.dir/build
gmake[1]: Entering directory `/GPUFS/sysu_hpcedu_302/asc20/WuK/multicore-hw2/sources/build/CMakeFiles/CMakeTmp'
Building C object CMakeFiles/cmTC_4026d.dir/CMakeCCompilerABI.c.o
/usr/bin/cc   -Ofast -fopenmp    -v -o CMakeFiles/cmTC_4026d.dir/CMakeCCompilerABI.c.o   -c /GPUFS/app_GPU/application/cmake/3.14.3/share/cmake-3.14/Modules/CMakeCCompilerABI.c
Using built-in specs.
COLLECT_GCC=/usr/bin/cc
Target: x86_64-redhat-linux
Configured with: ../configure --prefix=/usr --mandir=/usr/share/man --infodir=/usr/share/info --with-bugurl=http://bugzilla.redhat.com/bugzilla --enable-bootstrap --enable-shared --enable-threads=posix --enable-checking=release --with-system-zlib --enable-__cxa_atexit --disable-libunwind-exceptions --enable-gnu-unique-object --enable-linker-build-id --with-linker-hash-style=gnu --enable-languages=c,c++,objc,obj-c++,java,fortran,ada,go,lto --enable-plugin --enable-initfini-array --disable-libgcj --with-isl=/builddir/build/BUILD/gcc-4.8.5-20150702/obj-x86_64-redhat-linux/isl-install --with-cloog=/builddir/build/BUILD/gcc-4.8.5-20150702/obj-x86_64-redhat-linux/cloog-install --enable-gnu-indirect-function --with-tune=generic --with-arch_32=x86-64 --build=x86_64-redhat-linux
Thread model: posix
gcc version 4.8.5 20150623 (Red Hat 4.8.5-36) (GCC) 
COLLECT_GCC_OPTIONS='-Ofast' '-fopenmp' '-v' '-o' 'CMakeFiles/cmTC_4026d.dir/CMakeCCompilerABI.c.o' '-c' '-mtune=generic' '-march=x86-64' '-pthread'
 /usr/libexec/gcc/x86_64-redhat-linux/4.8.5/cc1 -quiet -v -D_REENTRANT /GPUFS/app_GPU/application/cmake/3.14.3/share/cmake-3.14/Modules/CMakeCCompilerABI.c -quiet -dumpbase CMakeCCompilerABI.c -mtune=generic -march=x86-64 -auxbase-strip CMakeFiles/cmTC_4026d.dir/CMakeCCompilerABI.c.o -Ofast -version -fopenmp -o /tmp/ccCCk2Ih.s
GNU C (GCC) version 4.8.5 20150623 (Red Hat 4.8.5-36) (x86_64-redhat-linux)
	compiled by GNU C version 4.8.5 20150623 (Red Hat 4.8.5-36), GMP version 6.0.0, MPFR version 3.1.1, MPC version 1.0.1
GGC heuristics: --param ggc-min-expand=100 --param ggc-min-heapsize=131072
ignoring nonexistent directory "/GPUFS/app_GPU/CUDA/nvidia/include/nvidia"
ignoring nonexistent directory "/usr/lib/gcc/x86_64-redhat-linux/4.8.5/include-fixed"
ignoring nonexistent directory "/usr/lib/gcc/x86_64-redhat-linux/4.8.5/../../../../x86_64-redhat-linux/include"
ignoring nonexistent directory "/GPUFS/app_GPU/CUDA/nvidia/include/nvidia"
ignoring duplicate directory "/GPUFS/app_GPU/compiler/CUDA/10.1.2/include"
  as it is a non-system directory that duplicates a system directory
#include "..." search starts here:
#include <...> search starts here:
 /GPUFS/sysu_hpcedu_302/opt/usr/include
 /GPUFS/app_GPU/compiler/CUDA/10.1.2/include
 /usr/lib/gcc/x86_64-redhat-linux/4.8.5/include
 /usr/local/include
 /usr/include
End of search list.
GNU C (GCC) version 4.8.5 20150623 (Red Hat 4.8.5-36) (x86_64-redhat-linux)
	compiled by GNU C version 4.8.5 20150623 (Red Hat 4.8.5-36), GMP version 6.0.0, MPFR version 3.1.1, MPC version 1.0.1
GGC heuristics: --param ggc-min-expand=100 --param ggc-min-heapsize=131072
Compiler executable checksum: 592abcad67b46aec035d56e51f71d007
COLLECT_GCC_OPTIONS='-Ofast' '-fopenmp' '-v' '-o' 'CMakeFiles/cmTC_4026d.dir/CMakeCCompilerABI.c.o' '-c' '-mtune=generic' '-march=x86-64' '-pthread'
 as -v --64 -o CMakeFiles/cmTC_4026d.dir/CMakeCCompilerABI.c.o /tmp/ccCCk2Ih.s
GNU assembler version 2.27 (x86_64-redhat-linux) using BFD version version 2.27-34.base.el7
COMPILER_PATH=/usr/libexec/gcc/x86_64-redhat-linux/4.8.5/:/usr/libexec/gcc/x86_64-redhat-linux/4.8.5/:/usr/libexec/gcc/x86_64-redhat-linux/:/usr/lib/gcc/x86_64-redhat-linux/4.8.5/:/usr/lib/gcc/x86_64-redhat-linux/
LIBRARY_PATH=/GPUFS/app_GPU/compiler/CUDA/10.1.2/libnvvp/../lib64/:/GPUFS/app_GPU/compiler/CUDA/10.1.2/libnsight/../lib64/:/GPUFS/sysu_hpcedu_302/opt/usr/lib/../lib64/:/usr/lib/gcc/x86_64-redhat-linux/4.8.5/:/usr/lib/gcc/x86_64-redhat-linux/4.8.5/../../../../lib64/:/lib/../lib64/:/usr/lib/../lib64/:/GPUFS/app_GPU/compiler/CUDA/10.1.2/lib64/stubs/:/GPUFS/app_GPU/compiler/CUDA/10.1.2/libnvvp/:/GPUFS/app_GPU/compiler/CUDA/10.1.2/libnsight/:/GPUFS/app_GPU/compiler/CUDA/10.1.2/lib64/:/GPUFS/sysu_hpcedu_302/opt/usr/lib/:/usr/lib/gcc/x86_64-redhat-linux/4.8.5/../../../:/lib/:/usr/lib/
COLLECT_GCC_OPTIONS='-Ofast' '-fopenmp' '-v' '-o' 'CMakeFiles/cmTC_4026d.dir/CMakeCCompilerABI.c.o' '-c' '-mtune=generic' '-march=x86-64' '-pthread'
Linking C executable cmTC_4026d
/GPUFS/app_GPU/application/cmake/3.14.3/bin/cmake -E cmake_link_script CMakeFiles/cmTC_4026d.dir/link.txt --verbose=1
/usr/bin/cc -Ofast -fopenmp    -v -rdynamic CMakeFiles/cmTC_4026d.dir/CMakeCCompilerABI.c.o  -o cmTC_4026d 
Using built-in specs.
COLLECT_GCC=/usr/bin/cc
COLLECT_LTO_WRAPPER=/usr/libexec/gcc/x86_64-redhat-linux/4.8.5/lto-wrapper
Target: x86_64-redhat-linux
Configured with: ../configure --prefix=/usr --mandir=/usr/share/man --infodir=/usr/share/info --with-bugurl=http://bugzilla.redhat.com/bugzilla --enable-bootstrap --enable-shared --enable-threads=posix --enable-checking=release --with-system-zlib --enable-__cxa_atexit --disable-libunwind-exceptions --enable-gnu-unique-object --enable-linker-build-id --with-linker-hash-style=gnu --enable-languages=c,c++,objc,obj-c++,java,fortran,ada,go,lto --enable-plugin --enable-initfini-array --disable-libgcj --with-isl=/builddir/build/BUILD/gcc-4.8.5-20150702/obj-x86_64-redhat-linux/isl-install --with-cloog=/builddir/build/BUILD/gcc-4.8.5-20150702/obj-x86_64-redhat-linux/cloog-install --enable-gnu-indirect-function --with-tune=generic --with-arch_32=x86-64 --build=x86_64-redhat-linux
Thread model: posix
gcc version 4.8.5 20150623 (Red Hat 4.8.5-36) (GCC) 
COMPILER_PATH=/usr/libexec/gcc/x86_64-redhat-linux/4.8.5/:/usr/libexec/gcc/x86_64-redhat-linux/4.8.5/:/usr/libexec/gcc/x86_64-redhat-linux/:/usr/lib/gcc/x86_64-redhat-linux/4.8.5/:/usr/lib/gcc/x86_64-redhat-linux/
LIBRARY_PATH=/GPUFS/app_GPU/compiler/CUDA/10.1.2/libnvvp/../lib64/:/GPUFS/app_GPU/compiler/CUDA/10.1.2/libnsight/../lib64/:/GPUFS/sysu_hpcedu_302/opt/usr/lib/../lib64/:/usr/lib/gcc/x86_64-redhat-linux/4.8.5/:/usr/lib/gcc/x86_64-redhat-linux/4.8.5/../../../../lib64/:/lib/../lib64/:/usr/lib/../lib64/:/GPUFS/app_GPU/compiler/CUDA/10.1.2/lib64/stubs/:/GPUFS/app_GPU/compiler/CUDA/10.1.2/libnvvp/:/GPUFS/app_GPU/compiler/CUDA/10.1.2/libnsight/:/GPUFS/app_GPU/compiler/CUDA/10.1.2/lib64/:/GPUFS/sysu_hpcedu_302/opt/usr/lib/:/usr/lib/gcc/x86_64-redhat-linux/4.8.5/../../../:/lib/:/usr/lib/
Reading specs from /usr/lib/gcc/x86_64-redhat-linux/4.8.5/libgomp.spec
COLLECT_GCC_OPTIONS='-Ofast' '-fopenmp' '-v' '-rdynamic' '-o' 'cmTC_4026d' '-mtune=generic' '-march=x86-64' '-pthread'
 /usr/libexec/gcc/x86_64-redhat-linux/4.8.5/collect2 --build-id --no-add-needed --eh-frame-hdr --hash-style=gnu -m elf_x86_64 -export-dynamic -dynamic-linker /lib64/ld-linux-x86-64.so.2 -o cmTC_4026d /usr/lib/gcc/x86_64-redhat-linux/4.8.5/../../../../lib64/crt1.o /usr/lib/gcc/x86_64-redhat-linux/4.8.5/../../../../lib64/crti.o /usr/lib/gcc/x86_64-redhat-linux/4.8.5/crtbegin.o -L/GPUFS/app_GPU/compiler/CUDA/10.1.2/libnvvp/../lib64 -L/GPUFS/app_GPU/compiler/CUDA/10.1.2/libnsight/../lib64 -L/GPUFS/sysu_hpcedu_302/opt/usr/lib/../lib64 -L/usr/lib/gcc/x86_64-redhat-linux/4.8.5 -L/usr/lib/gcc/x86_64-redhat-linux/4.8.5/../../../../lib64 -L/lib/../lib64 -L/usr/lib/../lib64 -L/GPUFS/app_GPU/compiler/CUDA/10.1.2/lib64/stubs -L/GPUFS/app_GPU/compiler/CUDA/10.1.2/libnvvp -L/GPUFS/app_GPU/compiler/CUDA/10.1.2/libnsight -L/GPUFS/app_GPU/compiler/CUDA/10.1.2/lib64 -L/GPUFS/sysu_hpcedu_302/opt/usr/lib -L/usr/lib/gcc/x86_64-redhat-linux/4.8.5/../../.. CMakeFiles/cmTC_4026d.dir/CMakeCCompilerABI.c.o -lgomp -lgcc --as-needed -lgcc_s --no-as-needed -lpthread -lc -lgcc --as-needed -lgcc_s --no-as-needed /usr/lib/gcc/x86_64-redhat-linux/4.8.5/crtfastmath.o /usr/lib/gcc/x86_64-redhat-linux/4.8.5/crtend.o /usr/lib/gcc/x86_64-redhat-linux/4.8.5/../../../../lib64/crtn.o
gmake[1]: Leaving directory `/GPUFS/sysu_hpcedu_302/asc20/WuK/multicore-hw2/sources/build/CMakeFiles/CMakeTmp'


Parsed C implicit include dir info from above output: rv=done
  found start of include info
  found start of implicit include info
    add: [/GPUFS/sysu_hpcedu_302/opt/usr/include]
    add: [/GPUFS/app_GPU/compiler/CUDA/10.1.2/include]
    add: [/usr/lib/gcc/x86_64-redhat-linux/4.8.5/include]
    add: [/usr/local/include]
    add: [/usr/include]
  end of search list found
  collapse include dir [/GPUFS/sysu_hpcedu_302/opt/usr/include] ==> [/GPUFS/sysu_hpcedu_302/opt/usr/include]
  collapse include dir [/GPUFS/app_GPU/compiler/CUDA/10.1.2/include] ==> [/GPUFS/app_GPU/compiler/CUDA/10.1.2/include]
  collapse include dir [/usr/lib/gcc/x86_64-redhat-linux/4.8.5/include] ==> [/usr/lib/gcc/x86_64-redhat-linux/4.8.5/include]
  collapse include dir [/usr/local/include] ==> [/usr/local/include]
  collapse include dir [/usr/include] ==> [/usr/include]
  implicit include dirs: [/GPUFS/sysu_hpcedu_302/opt/usr/include;/GPUFS/app_GPU/compiler/CUDA/10.1.2/include;/usr/lib/gcc/x86_64-redhat-linux/4.8.5/include;/usr/local/include;/usr/include]


Parsed C implicit link information from above output:
  link line regex: [^( *|.*[/\])(ld|CMAKE_LINK_STARTFILE-NOTFOUND|([^/\]+-)?ld|collect2)[^/\]*( |$)]
  ignore line: [Change Dir: /GPUFS/sysu_hpcedu_302/asc20/WuK/multicore-hw2/sources/build/CMakeFiles/CMakeTmp]
  ignore line: []
  ignore line: [Run Build Command(s):/usr/bin/gmake cmTC_4026d/fast ]
  ignore line: [/usr/bin/gmake -f CMakeFiles/cmTC_4026d.dir/build.make CMakeFiles/cmTC_4026d.dir/build]
  ignore line: [gmake[1]: Entering directory `/GPUFS/sysu_hpcedu_302/asc20/WuK/multicore-hw2/sources/build/CMakeFiles/CMakeTmp']
  ignore line: [Building C object CMakeFiles/cmTC_4026d.dir/CMakeCCompilerABI.c.o]
  ignore line: [/usr/bin/cc   -Ofast -fopenmp    -v -o CMakeFiles/cmTC_4026d.dir/CMakeCCompilerABI.c.o   -c /GPUFS/app_GPU/application/cmake/3.14.3/share/cmake-3.14/Modules/CMakeCCompilerABI.c]
  ignore line: [Using built-in specs.]
  ignore line: [COLLECT_GCC=/usr/bin/cc]
  ignore line: [Target: x86_64-redhat-linux]
  ignore line: [Configured with: ../configure --prefix=/usr --mandir=/usr/share/man --infodir=/usr/share/info --with-bugurl=http://bugzilla.redhat.com/bugzilla --enable-bootstrap --enable-shared --enable-threads=posix --enable-checking=release --with-system-zlib --enable-__cxa_atexit --disable-libunwind-exceptions --enable-gnu-unique-object --enable-linker-build-id --with-linker-hash-style=gnu --enable-languages=c,c++,objc,obj-c++,java,fortran,ada,go,lto --enable-plugin --enable-initfini-array --disable-libgcj --with-isl=/builddir/build/BUILD/gcc-4.8.5-20150702/obj-x86_64-redhat-linux/isl-install --with-cloog=/builddir/build/BUILD/gcc-4.8.5-20150702/obj-x86_64-redhat-linux/cloog-install --enable-gnu-indirect-function --with-tune=generic --with-arch_32=x86-64 --build=x86_64-redhat-linux]
  ignore line: [Thread model: posix]
  ignore line: [gcc version 4.8.5 20150623 (Red Hat 4.8.5-36) (GCC) ]
  ignore line: [COLLECT_GCC_OPTIONS='-Ofast' '-fopenmp' '-v' '-o' 'CMakeFiles/cmTC_4026d.dir/CMakeCCompilerABI.c.o' '-c' '-mtune=generic' '-march=x86-64' '-pthread']
  ignore line: [ /usr/libexec/gcc/x86_64-redhat-linux/4.8.5/cc1 -quiet -v -D_REENTRANT /GPUFS/app_GPU/application/cmake/3.14.3/share/cmake-3.14/Modules/CMakeCCompilerABI.c -quiet -dumpbase CMakeCCompilerABI.c -mtune=generic -march=x86-64 -auxbase-strip CMakeFiles/cmTC_4026d.dir/CMakeCCompilerABI.c.o -Ofast -version -fopenmp -o /tmp/ccCCk2Ih.s]
  ignore line: [GNU C (GCC) version 4.8.5 20150623 (Red Hat 4.8.5-36) (x86_64-redhat-linux)]
  ignore line: [	compiled by GNU C version 4.8.5 20150623 (Red Hat 4.8.5-36), GMP version 6.0.0, MPFR version 3.1.1, MPC version 1.0.1]
  ignore line: [GGC heuristics: --param ggc-min-expand=100 --param ggc-min-heapsize=131072]
  ignore line: [ignoring nonexistent directory "/GPUFS/app_GPU/CUDA/nvidia/include/nvidia"]
  ignore line: [ignoring nonexistent directory "/usr/lib/gcc/x86_64-redhat-linux/4.8.5/include-fixed"]
  ignore line: [ignoring nonexistent directory "/usr/lib/gcc/x86_64-redhat-linux/4.8.5/../../../../x86_64-redhat-linux/include"]
  ignore line: [ignoring nonexistent directory "/GPUFS/app_GPU/CUDA/nvidia/include/nvidia"]
  ignore line: [ignoring duplicate directory "/GPUFS/app_GPU/compiler/CUDA/10.1.2/include"]
  ignore line: [  as it is a non-system directory that duplicates a system directory]
  ignore line: [#include "..." search starts here:]
  ignore line: [#include <...> search starts here:]
  ignore line: [ /GPUFS/sysu_hpcedu_302/opt/usr/include]
  ignore line: [ /GPUFS/app_GPU/compiler/CUDA/10.1.2/include]
  ignore line: [ /usr/lib/gcc/x86_64-redhat-linux/4.8.5/include]
  ignore line: [ /usr/local/include]
  ignore line: [ /usr/include]
  ignore line: [End of search list.]
  ignore line: [GNU C (GCC) version 4.8.5 20150623 (Red Hat 4.8.5-36) (x86_64-redhat-linux)]
  ignore line: [	compiled by GNU C version 4.8.5 20150623 (Red Hat 4.8.5-36), GMP version 6.0.0, MPFR version 3.1.1, MPC version 1.0.1]
  ignore line: [GGC heuristics: --param ggc-min-expand=100 --param ggc-min-heapsize=131072]
  ignore line: [Compiler executable checksum: 592abcad67b46aec035d56e51f71d007]
  ignore line: [COLLECT_GCC_OPTIONS='-Ofast' '-fopenmp' '-v' '-o' 'CMakeFiles/cmTC_4026d.dir/CMakeCCompilerABI.c.o' '-c' '-mtune=generic' '-march=x86-64' '-pthread']
  ignore line: [ as -v --64 -o CMakeFiles/cmTC_4026d.dir/CMakeCCompilerABI.c.o /tmp/ccCCk2Ih.s]
  ignore line: [GNU assembler version 2.27 (x86_64-redhat-linux) using BFD version version 2.27-34.base.el7]
  ignore line: [COMPILER_PATH=/usr/libexec/gcc/x86_64-redhat-linux/4.8.5/:/usr/libexec/gcc/x86_64-redhat-linux/4.8.5/:/usr/libexec/gcc/x86_64-redhat-linux/:/usr/lib/gcc/x86_64-redhat-linux/4.8.5/:/usr/lib/gcc/x86_64-redhat-linux/]
  ignore line: [LIBRARY_PATH=/GPUFS/app_GPU/compiler/CUDA/10.1.2/libnvvp/../lib64/:/GPUFS/app_GPU/compiler/CUDA/10.1.2/libnsight/../lib64/:/GPUFS/sysu_hpcedu_302/opt/usr/lib/../lib64/:/usr/lib/gcc/x86_64-redhat-linux/4.8.5/:/usr/lib/gcc/x86_64-redhat-linux/4.8.5/../../../../lib64/:/lib/../lib64/:/usr/lib/../lib64/:/GPUFS/app_GPU/compiler/CUDA/10.1.2/lib64/stubs/:/GPUFS/app_GPU/compiler/CUDA/10.1.2/libnvvp/:/GPUFS/app_GPU/compiler/CUDA/10.1.2/libnsight/:/GPUFS/app_GPU/compiler/CUDA/10.1.2/lib64/:/GPUFS/sysu_hpcedu_302/opt/usr/lib/:/usr/lib/gcc/x86_64-redhat-linux/4.8.5/../../../:/lib/:/usr/lib/]
  ignore line: [COLLECT_GCC_OPTIONS='-Ofast' '-fopenmp' '-v' '-o' 'CMakeFiles/cmTC_4026d.dir/CMakeCCompilerABI.c.o' '-c' '-mtune=generic' '-march=x86-64' '-pthread']
  ignore line: [Linking C executable cmTC_4026d]
  ignore line: [/GPUFS/app_GPU/application/cmake/3.14.3/bin/cmake -E cmake_link_script CMakeFiles/cmTC_4026d.dir/link.txt --verbose=1]
  ignore line: [/usr/bin/cc -Ofast -fopenmp    -v -rdynamic CMakeFiles/cmTC_4026d.dir/CMakeCCompilerABI.c.o  -o cmTC_4026d ]
  ignore line: [Using built-in specs.]
  ignore line: [COLLECT_GCC=/usr/bin/cc]
  ignore line: [COLLECT_LTO_WRAPPER=/usr/libexec/gcc/x86_64-redhat-linux/4.8.5/lto-wrapper]
  ignore line: [Target: x86_64-redhat-linux]
  ignore line: [Configured with: ../configure --prefix=/usr --mandir=/usr/share/man --infodir=/usr/share/info --with-bugurl=http://bugzilla.redhat.com/bugzilla --enable-bootstrap --enable-shared --enable-threads=posix --enable-checking=release --with-system-zlib --enable-__cxa_atexit --disable-libunwind-exceptions --enable-gnu-unique-object --enable-linker-build-id --with-linker-hash-style=gnu --enable-languages=c,c++,objc,obj-c++,java,fortran,ada,go,lto --enable-plugin --enable-initfini-array --disable-libgcj --with-isl=/builddir/build/BUILD/gcc-4.8.5-20150702/obj-x86_64-redhat-linux/isl-install --with-cloog=/builddir/build/BUILD/gcc-4.8.5-20150702/obj-x86_64-redhat-linux/cloog-install --enable-gnu-indirect-function --with-tune=generic --with-arch_32=x86-64 --build=x86_64-redhat-linux]
  ignore line: [Thread model: posix]
  ignore line: [gcc version 4.8.5 20150623 (Red Hat 4.8.5-36) (GCC) ]
  ignore line: [COMPILER_PATH=/usr/libexec/gcc/x86_64-redhat-linux/4.8.5/:/usr/libexec/gcc/x86_64-redhat-linux/4.8.5/:/usr/libexec/gcc/x86_64-redhat-linux/:/usr/lib/gcc/x86_64-redhat-linux/4.8.5/:/usr/lib/gcc/x86_64-redhat-linux/]
  ignore line: [LIBRARY_PATH=/GPUFS/app_GPU/compiler/CUDA/10.1.2/libnvvp/../lib64/:/GPUFS/app_GPU/compiler/CUDA/10.1.2/libnsight/../lib64/:/GPUFS/sysu_hpcedu_302/opt/usr/lib/../lib64/:/usr/lib/gcc/x86_64-redhat-linux/4.8.5/:/usr/lib/gcc/x86_64-redhat-linux/4.8.5/../../../../lib64/:/lib/../lib64/:/usr/lib/../lib64/:/GPUFS/app_GPU/compiler/CUDA/10.1.2/lib64/stubs/:/GPUFS/app_GPU/compiler/CUDA/10.1.2/libnvvp/:/GPUFS/app_GPU/compiler/CUDA/10.1.2/libnsight/:/GPUFS/app_GPU/compiler/CUDA/10.1.2/lib64/:/GPUFS/sysu_hpcedu_302/opt/usr/lib/:/usr/lib/gcc/x86_64-redhat-linux/4.8.5/../../../:/lib/:/usr/lib/]
  ignore line: [Reading specs from /usr/lib/gcc/x86_64-redhat-linux/4.8.5/libgomp.spec]
  ignore line: [COLLECT_GCC_OPTIONS='-Ofast' '-fopenmp' '-v' '-rdynamic' '-o' 'cmTC_4026d' '-mtune=generic' '-march=x86-64' '-pthread']
  link line: [ /usr/libexec/gcc/x86_64-redhat-linux/4.8.5/collect2 --build-id --no-add-needed --eh-frame-hdr --hash-style=gnu -m elf_x86_64 -export-dynamic -dynamic-linker /lib64/ld-linux-x86-64.so.2 -o cmTC_4026d /usr/lib/gcc/x86_64-redhat-linux/4.8.5/../../../../lib64/crt1.o /usr/lib/gcc/x86_64-redhat-linux/4.8.5/../../../../lib64/crti.o /usr/lib/gcc/x86_64-redhat-linux/4.8.5/crtbegin.o -L/GPUFS/app_GPU/compiler/CUDA/10.1.2/libnvvp/../lib64 -L/GPUFS/app_GPU/compiler/CUDA/10.1.2/libnsight/../lib64 -L/GPUFS/sysu_hpcedu_302/opt/usr/lib/../lib64 -L/usr/lib/gcc/x86_64-redhat-linux/4.8.5 -L/usr/lib/gcc/x86_64-redhat-linux/4.8.5/../../../../lib64 -L/lib/../lib64 -L/usr/lib/../lib64 -L/GPUFS/app_GPU/compiler/CUDA/10.1.2/lib64/stubs -L/GPUFS/app_GPU/compiler/CUDA/10.1.2/libnvvp -L/GPUFS/app_GPU/compiler/CUDA/10.1.2/libnsight -L/GPUFS/app_GPU/compiler/CUDA/10.1.2/lib64 -L/GPUFS/sysu_hpcedu_302/opt/usr/lib -L/usr/lib/gcc/x86_64-redhat-linux/4.8.5/../../.. CMakeFiles/cmTC_4026d.dir/CMakeCCompilerABI.c.o -lgomp -lgcc --as-needed -lgcc_s --no-as-needed -lpthread -lc -lgcc --as-needed -lgcc_s --no-as-needed /usr/lib/gcc/x86_64-redhat-linux/4.8.5/crtfastmath.o /usr/lib/gcc/x86_64-redhat-linux/4.8.5/crtend.o /usr/lib/gcc/x86_64-redhat-linux/4.8.5/../../../../lib64/crtn.o]
    arg [/usr/libexec/gcc/x86_64-redhat-linux/4.8.5/collect2] ==> ignore
    arg [--build-id] ==> ignore
    arg [--no-add-needed] ==> ignore
    arg [--eh-frame-hdr] ==> ignore
    arg [--hash-style=gnu] ==> ignore
    arg [-m] ==> ignore
    arg [elf_x86_64] ==> ignore
    arg [-export-dynamic] ==> ignore
    arg [-dynamic-linker] ==> ignore
    arg [/lib64/ld-linux-x86-64.so.2] ==> ignore
    arg [-o] ==> ignore
    arg [cmTC_4026d] ==> ignore
    arg [/usr/lib/gcc/x86_64-redhat-linux/4.8.5/../../../../lib64/crt1.o] ==> ignore
    arg [/usr/lib/gcc/x86_64-redhat-linux/4.8.5/../../../../lib64/crti.o] ==> ignore
    arg [/usr/lib/gcc/x86_64-redhat-linux/4.8.5/crtbegin.o] ==> ignore
    arg [-L/GPUFS/app_GPU/compiler/CUDA/10.1.2/libnvvp/../lib64] ==> dir [/GPUFS/app_GPU/compiler/CUDA/10.1.2/libnvvp/../lib64]
    arg [-L/GPUFS/app_GPU/compiler/CUDA/10.1.2/libnsight/../lib64] ==> dir [/GPUFS/app_GPU/compiler/CUDA/10.1.2/libnsight/../lib64]
    arg [-L/GPUFS/sysu_hpcedu_302/opt/usr/lib/../lib64] ==> dir [/GPUFS/sysu_hpcedu_302/opt/usr/lib/../lib64]
    arg [-L/usr/lib/gcc/x86_64-redhat-linux/4.8.5] ==> dir [/usr/lib/gcc/x86_64-redhat-linux/4.8.5]
    arg [-L/usr/lib/gcc/x86_64-redhat-linux/4.8.5/../../../../lib64] ==> dir [/usr/lib/gcc/x86_64-redhat-linux/4.8.5/../../../../lib64]
    arg [-L/lib/../lib64] ==> dir [/lib/../lib64]
    arg [-L/usr/lib/../lib64] ==> dir [/usr/lib/../lib64]
    arg [-L/GPUFS/app_GPU/compiler/CUDA/10.1.2/lib64/stubs] ==> dir [/GPUFS/app_GPU/compiler/CUDA/10.1.2/lib64/stubs]
    arg [-L/GPUFS/app_GPU/compiler/CUDA/10.1.2/libnvvp] ==> dir [/GPUFS/app_GPU/compiler/CUDA/10.1.2/libnvvp]
    arg [-L/GPUFS/app_GPU/compiler/CUDA/10.1.2/libnsight] ==> dir [/GPUFS/app_GPU/compiler/CUDA/10.1.2/libnsight]
    arg [-L/GPUFS/app_GPU/compiler/CUDA/10.1.2/lib64] ==> dir [/GPUFS/app_GPU/compiler/CUDA/10.1.2/lib64]
    arg [-L/GPUFS/sysu_hpcedu_302/opt/usr/lib] ==> dir [/GPUFS/sysu_hpcedu_302/opt/usr/lib]
    arg [-L/usr/lib/gcc/x86_64-redhat-linux/4.8.5/../../..] ==> dir [/usr/lib/gcc/x86_64-redhat-linux/4.8.5/../../..]
    arg [CMakeFiles/cmTC_4026d.dir/CMakeCCompilerABI.c.o] ==> ignore
    arg [-lgomp] ==> lib [gomp]
    arg [-lgcc] ==> lib [gcc]
    arg [--as-needed] ==> ignore
    arg [-lgcc_s] ==> lib [gcc_s]
    arg [--no-as-needed] ==> ignore
    arg [-lpthread] ==> lib [pthread]
    arg [-lc] ==> lib [c]
    arg [-lgcc] ==> lib [gcc]
    arg [--as-needed] ==> ignore
    arg [-lgcc_s] ==> lib [gcc_s]
    arg [--no-as-needed] ==> ignore
    arg [/usr/lib/gcc/x86_64-redhat-linux/4.8.5/crtfastmath.o] ==> ignore
    arg [/usr/lib/gcc/x86_64-redhat-linux/4.8.5/crtend.o] ==> ignore
    arg [/usr/lib/gcc/x86_64-redhat-linux/4.8.5/../../../../lib64/crtn.o] ==> ignore
  collapse library dir [/GPUFS/app_GPU/compiler/CUDA/10.1.2/libnvvp/../lib64] ==> [/GPUFS/app_GPU/compiler/CUDA/10.1.2/lib64]
  collapse library dir [/GPUFS/app_GPU/compiler/CUDA/10.1.2/libnsight/../lib64] ==> [/GPUFS/app_GPU/compiler/CUDA/10.1.2/lib64]
  collapse library dir [/GPUFS/sysu_hpcedu_302/opt/usr/lib/../lib64] ==> [/GPUFS/sysu_hpcedu_302/opt/usr/lib64]
  collapse library dir [/usr/lib/gcc/x86_64-redhat-linux/4.8.5] ==> [/usr/lib/gcc/x86_64-redhat-linux/4.8.5]
  collapse library dir [/usr/lib/gcc/x86_64-redhat-linux/4.8.5/../../../../lib64] ==> [/usr/lib64]
  collapse library dir [/lib/../lib64] ==> [/lib64]
  collapse library dir [/usr/lib/../lib64] ==> [/usr/lib64]
  collapse library dir [/GPUFS/app_GPU/compiler/CUDA/10.1.2/lib64/stubs] ==> [/GPUFS/app_GPU/compiler/CUDA/10.1.2/lib64/stubs]
  collapse library dir [/GPUFS/app_GPU/compiler/CUDA/10.1.2/libnvvp] ==> [/GPUFS/app_GPU/compiler/CUDA/10.1.2/libnvvp]
  collapse library dir [/GPUFS/app_GPU/compiler/CUDA/10.1.2/libnsight] ==> [/GPUFS/app_GPU/compiler/CUDA/10.1.2/libnsight]
  collapse library dir [/GPUFS/app_GPU/compiler/CUDA/10.1.2/lib64] ==> [/GPUFS/app_GPU/compiler/CUDA/10.1.2/lib64]
  collapse library dir [/GPUFS/sysu_hpcedu_302/opt/usr/lib] ==> [/GPUFS/sysu_hpcedu_302/opt/usr/lib]
  collapse library dir [/usr/lib/gcc/x86_64-redhat-linux/4.8.5/../../..] ==> [/usr/lib]
  implicit libs: [gomp;gcc;gcc_s;pthread;c;gcc;gcc_s]
  implicit dirs: [/GPUFS/app_GPU/compiler/CUDA/10.1.2/lib64;/GPUFS/sysu_hpcedu_302/opt/usr/lib64;/usr/lib/gcc/x86_64-redhat-linux/4.8.5;/usr/lib64;/lib64;/GPUFS/app_GPU/compiler/CUDA/10.1.2/lib64/stubs;/GPUFS/app_GPU/compiler/CUDA/10.1.2/libnvvp;/GPUFS/app_GPU/compiler/CUDA/10.1.2/libnsight;/GPUFS/sysu_hpcedu_302/opt/usr/lib;/usr/lib]
  implicit fwks: []




Detecting C [-std=c11] compiler features compiled with the following output:
Change Dir: /GPUFS/sysu_hpcedu_302/asc20/WuK/multicore-hw2/sources/build/CMakeFiles/CMakeTmp

Run Build Command(s):/usr/bin/gmake cmTC_d62a3/fast 
/usr/bin/gmake -f CMakeFiles/cmTC_d62a3.dir/build.make CMakeFiles/cmTC_d62a3.dir/build
gmake[1]: Entering directory `/GPUFS/sysu_hpcedu_302/asc20/WuK/multicore-hw2/sources/build/CMakeFiles/CMakeTmp'
Building C object CMakeFiles/cmTC_d62a3.dir/feature_tests.c.o
/usr/bin/cc   -Ofast -fopenmp    -std=c11 -o CMakeFiles/cmTC_d62a3.dir/feature_tests.c.o   -c /GPUFS/sysu_hpcedu_302/asc20/WuK/multicore-hw2/sources/build/CMakeFiles/feature_tests.c
Linking C executable cmTC_d62a3
/GPUFS/app_GPU/application/cmake/3.14.3/bin/cmake -E cmake_link_script CMakeFiles/cmTC_d62a3.dir/link.txt --verbose=1
/usr/bin/cc -Ofast -fopenmp     -rdynamic CMakeFiles/cmTC_d62a3.dir/feature_tests.c.o  -o cmTC_d62a3 
gmake[1]: Leaving directory `/GPUFS/sysu_hpcedu_302/asc20/WuK/multicore-hw2/sources/build/CMakeFiles/CMakeTmp'


    Feature record: C_FEATURE:1c_function_prototypes
    Feature record: C_FEATURE:1c_restrict
    Feature record: C_FEATURE:1c_static_assert
    Feature record: C_FEATURE:1c_variadic_macros


Detecting C [-std=c99] compiler features compiled with the following output:
Change Dir: /GPUFS/sysu_hpcedu_302/asc20/WuK/multicore-hw2/sources/build/CMakeFiles/CMakeTmp

Run Build Command(s):/usr/bin/gmake cmTC_dbd06/fast 
/usr/bin/gmake -f CMakeFiles/cmTC_dbd06.dir/build.make CMakeFiles/cmTC_dbd06.dir/build
gmake[1]: Entering directory `/GPUFS/sysu_hpcedu_302/asc20/WuK/multicore-hw2/sources/build/CMakeFiles/CMakeTmp'
Building C object CMakeFiles/cmTC_dbd06.dir/feature_tests.c.o
/usr/bin/cc   -Ofast -fopenmp    -std=c99 -o CMakeFiles/cmTC_dbd06.dir/feature_tests.c.o   -c /GPUFS/sysu_hpcedu_302/asc20/WuK/multicore-hw2/sources/build/CMakeFiles/feature_tests.c
Linking C executable cmTC_dbd06
/GPUFS/app_GPU/application/cmake/3.14.3/bin/cmake -E cmake_link_script CMakeFiles/cmTC_dbd06.dir/link.txt --verbose=1
/usr/bin/cc -Ofast -fopenmp     -rdynamic CMakeFiles/cmTC_dbd06.dir/feature_tests.c.o  -o cmTC_dbd06 
gmake[1]: Leaving directory `/GPUFS/sysu_hpcedu_302/asc20/WuK/multicore-hw2/sources/build/CMakeFiles/CMakeTmp'


    Feature record: C_FEATURE:1c_function_prototypes
    Feature record: C_FEATURE:1c_restrict
    Feature record: C_FEATURE:0c_static_assert
    Feature record: C_FEATURE:1c_variadic_macros


Detecting C [-std=c90] compiler features compiled with the following output:
Change Dir: /GPUFS/sysu_hpcedu_302/asc20/WuK/multicore-hw2/sources/build/CMakeFiles/CMakeTmp

Run Build Command(s):/usr/bin/gmake cmTC_05185/fast 
/usr/bin/gmake -f CMakeFiles/cmTC_05185.dir/build.make CMakeFiles/cmTC_05185.dir/build
gmake[1]: Entering directory `/GPUFS/sysu_hpcedu_302/asc20/WuK/multicore-hw2/sources/build/CMakeFiles/CMakeTmp'
Building C object CMakeFiles/cmTC_05185.dir/feature_tests.c.o
/usr/bin/cc   -Ofast -fopenmp    -std=c90 -o CMakeFiles/cmTC_05185.dir/feature_tests.c.o   -c /GPUFS/sysu_hpcedu_302/asc20/WuK/multicore-hw2/sources/build/CMakeFiles/feature_tests.c
Linking C executable cmTC_05185
/GPUFS/app_GPU/application/cmake/3.14.3/bin/cmake -E cmake_link_script CMakeFiles/cmTC_05185.dir/link.txt --verbose=1
/usr/bin/cc -Ofast -fopenmp     -rdynamic CMakeFiles/cmTC_05185.dir/feature_tests.c.o  -o cmTC_05185 
gmake[1]: Leaving directory `/GPUFS/sysu_hpcedu_302/asc20/WuK/multicore-hw2/sources/build/CMakeFiles/CMakeTmp'


    Feature record: C_FEATURE:1c_function_prototypes
    Feature record: C_FEATURE:0c_restrict
    Feature record: C_FEATURE:0c_static_assert
    Feature record: C_FEATURE:0c_variadic_macros
Determining if the CXX compiler works passed with the following output:
Change Dir: /GPUFS/sysu_hpcedu_302/asc20/WuK/multicore-hw2/sources/build/CMakeFiles/CMakeTmp

Run Build Command(s):/usr/bin/gmake cmTC_cc06b/fast 
/usr/bin/gmake -f CMakeFiles/cmTC_cc06b.dir/build.make CMakeFiles/cmTC_cc06b.dir/build
gmake[1]: Entering directory `/GPUFS/sysu_hpcedu_302/asc20/WuK/multicore-hw2/sources/build/CMakeFiles/CMakeTmp'
Building CXX object CMakeFiles/cmTC_cc06b.dir/testCXXCompiler.cxx.o
/usr/bin/c++    -Ofast -fopenmp    -o CMakeFiles/cmTC_cc06b.dir/testCXXCompiler.cxx.o -c /GPUFS/sysu_hpcedu_302/asc20/WuK/multicore-hw2/sources/build/CMakeFiles/CMakeTmp/testCXXCompiler.cxx
Linking CXX executable cmTC_cc06b
/GPUFS/app_GPU/application/cmake/3.14.3/bin/cmake -E cmake_link_script CMakeFiles/cmTC_cc06b.dir/link.txt --verbose=1
/usr/bin/c++  -Ofast -fopenmp     -rdynamic CMakeFiles/cmTC_cc06b.dir/testCXXCompiler.cxx.o  -o cmTC_cc06b 
gmake[1]: Leaving directory `/GPUFS/sysu_hpcedu_302/asc20/WuK/multicore-hw2/sources/build/CMakeFiles/CMakeTmp'


Detecting CXX compiler ABI info compiled with the following output:
Change Dir: /GPUFS/sysu_hpcedu_302/asc20/WuK/multicore-hw2/sources/build/CMakeFiles/CMakeTmp

Run Build Command(s):/usr/bin/gmake cmTC_a4021/fast 
/usr/bin/gmake -f CMakeFiles/cmTC_a4021.dir/build.make CMakeFiles/cmTC_a4021.dir/build
gmake[1]: Entering directory `/GPUFS/sysu_hpcedu_302/asc20/WuK/multicore-hw2/sources/build/CMakeFiles/CMakeTmp'
Building CXX object CMakeFiles/cmTC_a4021.dir/CMakeCXXCompilerABI.cpp.o
/usr/bin/c++    -Ofast -fopenmp    -v -o CMakeFiles/cmTC_a4021.dir/CMakeCXXCompilerABI.cpp.o -c /GPUFS/app_GPU/application/cmake/3.14.3/share/cmake-3.14/Modules/CMakeCXXCompilerABI.cpp
Using built-in specs.
COLLECT_GCC=/usr/bin/c++
Target: x86_64-redhat-linux
Configured with: ../configure --prefix=/usr --mandir=/usr/share/man --infodir=/usr/share/info --with-bugurl=http://bugzilla.redhat.com/bugzilla --enable-bootstrap --enable-shared --enable-threads=posix --enable-checking=release --with-system-zlib --enable-__cxa_atexit --disable-libunwind-exceptions --enable-gnu-unique-object --enable-linker-build-id --with-linker-hash-style=gnu --enable-languages=c,c++,objc,obj-c++,java,fortran,ada,go,lto --enable-plugin --enable-initfini-array --disable-libgcj --with-isl=/builddir/build/BUILD/gcc-4.8.5-20150702/obj-x86_64-redhat-linux/isl-install --with-cloog=/builddir/build/BUILD/gcc-4.8.5-20150702/obj-x86_64-redhat-linux/cloog-install --enable-gnu-indirect-function --with-tune=generic --with-arch_32=x86-64 --build=x86_64-redhat-linux
Thread model: posix
gcc version 4.8.5 20150623 (Red Hat 4.8.5-36) (GCC) 
COLLECT_GCC_OPTIONS='-Ofast' '-fopenmp' '-v' '-o' 'CMakeFiles/cmTC_a4021.dir/CMakeCXXCompilerABI.cpp.o' '-c' '-shared-libgcc' '-mtune=generic' '-march=x86-64' '-pthread'
 /usr/libexec/gcc/x86_64-redhat-linux/4.8.5/cc1plus -quiet -v -D_GNU_SOURCE -D_REENTRANT /GPUFS/app_GPU/application/cmake/3.14.3/share/cmake-3.14/Modules/CMakeCXXCompilerABI.cpp -quiet -dumpbase CMakeCXXCompilerABI.cpp -mtune=generic -march=x86-64 -auxbase-strip CMakeFiles/cmTC_a4021.dir/CMakeCXXCompilerABI.cpp.o -Ofast -version -fopenmp -o /tmp/ccwj2QDs.s
GNU C++ (GCC) version 4.8.5 20150623 (Red Hat 4.8.5-36) (x86_64-redhat-linux)
	compiled by GNU C version 4.8.5 20150623 (Red Hat 4.8.5-36), GMP version 6.0.0, MPFR version 3.1.1, MPC version 1.0.1
GGC heuristics: --param ggc-min-expand=100 --param ggc-min-heapsize=131072
ignoring nonexistent directory "/usr/lib/gcc/x86_64-redhat-linux/4.8.5/include-fixed"
ignoring nonexistent directory "/usr/lib/gcc/x86_64-redhat-linux/4.8.5/../../../../x86_64-redhat-linux/include"
ignoring nonexistent directory "/GPUFS/app_GPU/CUDA/nvidia/include/nvidia"
#include "..." search starts here:
#include <...> search starts here:
 /GPUFS/app_GPU/compiler/CUDA/10.1.2/include
 /GPUFS/sysu_hpcedu_302/opt/usr/include
 /usr/lib/gcc/x86_64-redhat-linux/4.8.5/../../../../include/c++/4.8.5
 /usr/lib/gcc/x86_64-redhat-linux/4.8.5/../../../../include/c++/4.8.5/x86_64-redhat-linux
 /usr/lib/gcc/x86_64-redhat-linux/4.8.5/../../../../include/c++/4.8.5/backward
 /usr/lib/gcc/x86_64-redhat-linux/4.8.5/include
 /usr/local/include
 /usr/include
End of search list.
GNU C++ (GCC) version 4.8.5 20150623 (Red Hat 4.8.5-36) (x86_64-redhat-linux)
	compiled by GNU C version 4.8.5 20150623 (Red Hat 4.8.5-36), GMP version 6.0.0, MPFR version 3.1.1, MPC version 1.0.1
GGC heuristics: --param ggc-min-expand=100 --param ggc-min-heapsize=131072
Compiler executable checksum: 9340310b160f8e0621cdd942e42cc106
COLLECT_GCC_OPTIONS='-Ofast' '-fopenmp' '-v' '-o' 'CMakeFiles/cmTC_a4021.dir/CMakeCXXCompilerABI.cpp.o' '-c' '-shared-libgcc' '-mtune=generic' '-march=x86-64' '-pthread'
 as -v --64 -o CMakeFiles/cmTC_a4021.dir/CMakeCXXCompilerABI.cpp.o /tmp/ccwj2QDs.s
GNU assembler version 2.27 (x86_64-redhat-linux) using BFD version version 2.27-34.base.el7
COMPILER_PATH=/usr/libexec/gcc/x86_64-redhat-linux/4.8.5/:/usr/libexec/gcc/x86_64-redhat-linux/4.8.5/:/usr/libexec/gcc/x86_64-redhat-linux/:/usr/lib/gcc/x86_64-redhat-linux/4.8.5/:/usr/lib/gcc/x86_64-redhat-linux/
LIBRARY_PATH=/GPUFS/app_GPU/compiler/CUDA/10.1.2/libnvvp/../lib64/:/GPUFS/app_GPU/compiler/CUDA/10.1.2/libnsight/../lib64/:/GPUFS/sysu_hpcedu_302/opt/usr/lib/../lib64/:/usr/lib/gcc/x86_64-redhat-linux/4.8.5/:/usr/lib/gcc/x86_64-redhat-linux/4.8.5/../../../../lib64/:/lib/../lib64/:/usr/lib/../lib64/:/GPUFS/app_GPU/compiler/CUDA/10.1.2/lib64/stubs/:/GPUFS/app_GPU/compiler/CUDA/10.1.2/libnvvp/:/GPUFS/app_GPU/compiler/CUDA/10.1.2/libnsight/:/GPUFS/app_GPU/compiler/CUDA/10.1.2/lib64/:/GPUFS/sysu_hpcedu_302/opt/usr/lib/:/usr/lib/gcc/x86_64-redhat-linux/4.8.5/../../../:/lib/:/usr/lib/
COLLECT_GCC_OPTIONS='-Ofast' '-fopenmp' '-v' '-o' 'CMakeFiles/cmTC_a4021.dir/CMakeCXXCompilerABI.cpp.o' '-c' '-shared-libgcc' '-mtune=generic' '-march=x86-64' '-pthread'
Linking CXX executable cmTC_a4021
/GPUFS/app_GPU/application/cmake/3.14.3/bin/cmake -E cmake_link_script CMakeFiles/cmTC_a4021.dir/link.txt --verbose=1
/usr/bin/c++  -Ofast -fopenmp    -v -rdynamic CMakeFiles/cmTC_a4021.dir/CMakeCXXCompilerABI.cpp.o  -o cmTC_a4021 
Using built-in specs.
COLLECT_GCC=/usr/bin/c++
COLLECT_LTO_WRAPPER=/usr/libexec/gcc/x86_64-redhat-linux/4.8.5/lto-wrapper
Target: x86_64-redhat-linux
Configured with: ../configure --prefix=/usr --mandir=/usr/share/man --infodir=/usr/share/info --with-bugurl=http://bugzilla.redhat.com/bugzilla --enable-bootstrap --enable-shared --enable-threads=posix --enable-checking=release --with-system-zlib --enable-__cxa_atexit --disable-libunwind-exceptions --enable-gnu-unique-object --enable-linker-build-id --with-linker-hash-style=gnu --enable-languages=c,c++,objc,obj-c++,java,fortran,ada,go,lto --enable-plugin --enable-initfini-array --disable-libgcj --with-isl=/builddir/build/BUILD/gcc-4.8.5-20150702/obj-x86_64-redhat-linux/isl-install --with-cloog=/builddir/build/BUILD/gcc-4.8.5-20150702/obj-x86_64-redhat-linux/cloog-install --enable-gnu-indirect-function --with-tune=generic --with-arch_32=x86-64 --build=x86_64-redhat-linux
Thread model: posix
gcc version 4.8.5 20150623 (Red Hat 4.8.5-36) (GCC) 
COMPILER_PATH=/usr/libexec/gcc/x86_64-redhat-linux/4.8.5/:/usr/libexec/gcc/x86_64-redhat-linux/4.8.5/:/usr/libexec/gcc/x86_64-redhat-linux/:/usr/lib/gcc/x86_64-redhat-linux/4.8.5/:/usr/lib/gcc/x86_64-redhat-linux/
LIBRARY_PATH=/GPUFS/app_GPU/compiler/CUDA/10.1.2/libnvvp/../lib64/:/GPUFS/app_GPU/compiler/CUDA/10.1.2/libnsight/../lib64/:/GPUFS/sysu_hpcedu_302/opt/usr/lib/../lib64/:/usr/lib/gcc/x86_64-redhat-linux/4.8.5/:/usr/lib/gcc/x86_64-redhat-linux/4.8.5/../../../../lib64/:/lib/../lib64/:/usr/lib/../lib64/:/GPUFS/app_GPU/compiler/CUDA/10.1.2/lib64/stubs/:/GPUFS/app_GPU/compiler/CUDA/10.1.2/libnvvp/:/GPUFS/app_GPU/compiler/CUDA/10.1.2/libnsight/:/GPUFS/app_GPU/compiler/CUDA/10.1.2/lib64/:/GPUFS/sysu_hpcedu_302/opt/usr/lib/:/usr/lib/gcc/x86_64-redhat-linux/4.8.5/../../../:/lib/:/usr/lib/
Reading specs from /usr/lib/gcc/x86_64-redhat-linux/4.8.5/libgomp.spec
COLLECT_GCC_OPTIONS='-Ofast' '-fopenmp' '-v' '-rdynamic' '-o' 'cmTC_a4021' '-shared-libgcc' '-mtune=generic' '-march=x86-64' '-pthread'
 /usr/libexec/gcc/x86_64-redhat-linux/4.8.5/collect2 --build-id --no-add-needed --eh-frame-hdr --hash-style=gnu -m elf_x86_64 -export-dynamic -dynamic-linker /lib64/ld-linux-x86-64.so.2 -o cmTC_a4021 /usr/lib/gcc/x86_64-redhat-linux/4.8.5/../../../../lib64/crt1.o /usr/lib/gcc/x86_64-redhat-linux/4.8.5/../../../../lib64/crti.o /usr/lib/gcc/x86_64-redhat-linux/4.8.5/crtbegin.o -L/GPUFS/app_GPU/compiler/CUDA/10.1.2/libnvvp/../lib64 -L/GPUFS/app_GPU/compiler/CUDA/10.1.2/libnsight/../lib64 -L/GPUFS/sysu_hpcedu_302/opt/usr/lib/../lib64 -L/usr/lib/gcc/x86_64-redhat-linux/4.8.5 -L/usr/lib/gcc/x86_64-redhat-linux/4.8.5/../../../../lib64 -L/lib/../lib64 -L/usr/lib/../lib64 -L/GPUFS/app_GPU/compiler/CUDA/10.1.2/lib64/stubs -L/GPUFS/app_GPU/compiler/CUDA/10.1.2/libnvvp -L/GPUFS/app_GPU/compiler/CUDA/10.1.2/libnsight -L/GPUFS/app_GPU/compiler/CUDA/10.1.2/lib64 -L/GPUFS/sysu_hpcedu_302/opt/usr/lib -L/usr/lib/gcc/x86_64-redhat-linux/4.8.5/../../.. CMakeFiles/cmTC_a4021.dir/CMakeCXXCompilerABI.cpp.o -lstdc++ -lm -lgomp -lgcc_s -lgcc -lpthread -lc -lgcc_s -lgcc /usr/lib/gcc/x86_64-redhat-linux/4.8.5/crtfastmath.o /usr/lib/gcc/x86_64-redhat-linux/4.8.5/crtend.o /usr/lib/gcc/x86_64-redhat-linux/4.8.5/../../../../lib64/crtn.o
gmake[1]: Leaving directory `/GPUFS/sysu_hpcedu_302/asc20/WuK/multicore-hw2/sources/build/CMakeFiles/CMakeTmp'


Parsed CXX implicit include dir info from above output: rv=done
  found start of include info
  found start of implicit include info
    add: [/GPUFS/app_GPU/compiler/CUDA/10.1.2/include]
    add: [/GPUFS/sysu_hpcedu_302/opt/usr/include]
    add: [/usr/lib/gcc/x86_64-redhat-linux/4.8.5/../../../../include/c++/4.8.5]
    add: [/usr/lib/gcc/x86_64-redhat-linux/4.8.5/../../../../include/c++/4.8.5/x86_64-redhat-linux]
    add: [/usr/lib/gcc/x86_64-redhat-linux/4.8.5/../../../../include/c++/4.8.5/backward]
    add: [/usr/lib/gcc/x86_64-redhat-linux/4.8.5/include]
    add: [/usr/local/include]
    add: [/usr/include]
  end of search list found
  collapse include dir [/GPUFS/app_GPU/compiler/CUDA/10.1.2/include] ==> [/GPUFS/app_GPU/compiler/CUDA/10.1.2/include]
  collapse include dir [/GPUFS/sysu_hpcedu_302/opt/usr/include] ==> [/GPUFS/sysu_hpcedu_302/opt/usr/include]
  collapse include dir [/usr/lib/gcc/x86_64-redhat-linux/4.8.5/../../../../include/c++/4.8.5] ==> [/usr/include/c++/4.8.5]
  collapse include dir [/usr/lib/gcc/x86_64-redhat-linux/4.8.5/../../../../include/c++/4.8.5/x86_64-redhat-linux] ==> [/usr/include/c++/4.8.5/x86_64-redhat-linux]
  collapse include dir [/usr/lib/gcc/x86_64-redhat-linux/4.8.5/../../../../include/c++/4.8.5/backward] ==> [/usr/include/c++/4.8.5/backward]
  collapse include dir [/usr/lib/gcc/x86_64-redhat-linux/4.8.5/include] ==> [/usr/lib/gcc/x86_64-redhat-linux/4.8.5/include]
  collapse include dir [/usr/local/include] ==> [/usr/local/include]
  collapse include dir [/usr/include] ==> [/usr/include]
  implicit include dirs: [/GPUFS/app_GPU/compiler/CUDA/10.1.2/include;/GPUFS/sysu_hpcedu_302/opt/usr/include;/usr/include/c++/4.8.5;/usr/include/c++/4.8.5/x86_64-redhat-linux;/usr/include/c++/4.8.5/backward;/usr/lib/gcc/x86_64-redhat-linux/4.8.5/include;/usr/local/include;/usr/include]


Parsed CXX implicit link information from above output:
  link line regex: [^( *|.*[/\])(ld|CMAKE_LINK_STARTFILE-NOTFOUND|([^/\]+-)?ld|collect2)[^/\]*( |$)]
  ignore line: [Change Dir: /GPUFS/sysu_hpcedu_302/asc20/WuK/multicore-hw2/sources/build/CMakeFiles/CMakeTmp]
  ignore line: []
  ignore line: [Run Build Command(s):/usr/bin/gmake cmTC_a4021/fast ]
  ignore line: [/usr/bin/gmake -f CMakeFiles/cmTC_a4021.dir/build.make CMakeFiles/cmTC_a4021.dir/build]
  ignore line: [gmake[1]: Entering directory `/GPUFS/sysu_hpcedu_302/asc20/WuK/multicore-hw2/sources/build/CMakeFiles/CMakeTmp']
  ignore line: [Building CXX object CMakeFiles/cmTC_a4021.dir/CMakeCXXCompilerABI.cpp.o]
  ignore line: [/usr/bin/c++    -Ofast -fopenmp    -v -o CMakeFiles/cmTC_a4021.dir/CMakeCXXCompilerABI.cpp.o -c /GPUFS/app_GPU/application/cmake/3.14.3/share/cmake-3.14/Modules/CMakeCXXCompilerABI.cpp]
  ignore line: [Using built-in specs.]
  ignore line: [COLLECT_GCC=/usr/bin/c++]
  ignore line: [Target: x86_64-redhat-linux]
  ignore line: [Configured with: ../configure --prefix=/usr --mandir=/usr/share/man --infodir=/usr/share/info --with-bugurl=http://bugzilla.redhat.com/bugzilla --enable-bootstrap --enable-shared --enable-threads=posix --enable-checking=release --with-system-zlib --enable-__cxa_atexit --disable-libunwind-exceptions --enable-gnu-unique-object --enable-linker-build-id --with-linker-hash-style=gnu --enable-languages=c,c++,objc,obj-c++,java,fortran,ada,go,lto --enable-plugin --enable-initfini-array --disable-libgcj --with-isl=/builddir/build/BUILD/gcc-4.8.5-20150702/obj-x86_64-redhat-linux/isl-install --with-cloog=/builddir/build/BUILD/gcc-4.8.5-20150702/obj-x86_64-redhat-linux/cloog-install --enable-gnu-indirect-function --with-tune=generic --with-arch_32=x86-64 --build=x86_64-redhat-linux]
  ignore line: [Thread model: posix]
  ignore line: [gcc version 4.8.5 20150623 (Red Hat 4.8.5-36) (GCC) ]
  ignore line: [COLLECT_GCC_OPTIONS='-Ofast' '-fopenmp' '-v' '-o' 'CMakeFiles/cmTC_a4021.dir/CMakeCXXCompilerABI.cpp.o' '-c' '-shared-libgcc' '-mtune=generic' '-march=x86-64' '-pthread']
  ignore line: [ /usr/libexec/gcc/x86_64-redhat-linux/4.8.5/cc1plus -quiet -v -D_GNU_SOURCE -D_REENTRANT /GPUFS/app_GPU/application/cmake/3.14.3/share/cmake-3.14/Modules/CMakeCXXCompilerABI.cpp -quiet -dumpbase CMakeCXXCompilerABI.cpp -mtune=generic -march=x86-64 -auxbase-strip CMakeFiles/cmTC_a4021.dir/CMakeCXXCompilerABI.cpp.o -Ofast -version -fopenmp -o /tmp/ccwj2QDs.s]
  ignore line: [GNU C++ (GCC) version 4.8.5 20150623 (Red Hat 4.8.5-36) (x86_64-redhat-linux)]
  ignore line: [	compiled by GNU C version 4.8.5 20150623 (Red Hat 4.8.5-36), GMP version 6.0.0, MPFR version 3.1.1, MPC version 1.0.1]
  ignore line: [GGC heuristics: --param ggc-min-expand=100 --param ggc-min-heapsize=131072]
  ignore line: [ignoring nonexistent directory "/usr/lib/gcc/x86_64-redhat-linux/4.8.5/include-fixed"]
  ignore line: [ignoring nonexistent directory "/usr/lib/gcc/x86_64-redhat-linux/4.8.5/../../../../x86_64-redhat-linux/include"]
  ignore line: [ignoring nonexistent directory "/GPUFS/app_GPU/CUDA/nvidia/include/nvidia"]
  ignore line: [#include "..." search starts here:]
  ignore line: [#include <...> search starts here:]
  ignore line: [ /GPUFS/app_GPU/compiler/CUDA/10.1.2/include]
  ignore line: [ /GPUFS/sysu_hpcedu_302/opt/usr/include]
  ignore line: [ /usr/lib/gcc/x86_64-redhat-linux/4.8.5/../../../../include/c++/4.8.5]
  ignore line: [ /usr/lib/gcc/x86_64-redhat-linux/4.8.5/../../../../include/c++/4.8.5/x86_64-redhat-linux]
  ignore line: [ /usr/lib/gcc/x86_64-redhat-linux/4.8.5/../../../../include/c++/4.8.5/backward]
  ignore line: [ /usr/lib/gcc/x86_64-redhat-linux/4.8.5/include]
  ignore line: [ /usr/local/include]
  ignore line: [ /usr/include]
  ignore line: [End of search list.]
  ignore line: [GNU C++ (GCC) version 4.8.5 20150623 (Red Hat 4.8.5-36) (x86_64-redhat-linux)]
  ignore line: [	compiled by GNU C version 4.8.5 20150623 (Red Hat 4.8.5-36), GMP version 6.0.0, MPFR version 3.1.1, MPC version 1.0.1]
  ignore line: [GGC heuristics: --param ggc-min-expand=100 --param ggc-min-heapsize=131072]
  ignore line: [Compiler executable checksum: 9340310b160f8e0621cdd942e42cc106]
  ignore line: [COLLECT_GCC_OPTIONS='-Ofast' '-fopenmp' '-v' '-o' 'CMakeFiles/cmTC_a4021.dir/CMakeCXXCompilerABI.cpp.o' '-c' '-shared-libgcc' '-mtune=generic' '-march=x86-64' '-pthread']
  ignore line: [ as -v --64 -o CMakeFiles/cmTC_a4021.dir/CMakeCXXCompilerABI.cpp.o /tmp/ccwj2QDs.s]
  ignore line: [GNU assembler version 2.27 (x86_64-redhat-linux) using BFD version version 2.27-34.base.el7]
  ignore line: [COMPILER_PATH=/usr/libexec/gcc/x86_64-redhat-linux/4.8.5/:/usr/libexec/gcc/x86_64-redhat-linux/4.8.5/:/usr/libexec/gcc/x86_64-redhat-linux/:/usr/lib/gcc/x86_64-redhat-linux/4.8.5/:/usr/lib/gcc/x86_64-redhat-linux/]
  ignore line: [LIBRARY_PATH=/GPUFS/app_GPU/compiler/CUDA/10.1.2/libnvvp/../lib64/:/GPUFS/app_GPU/compiler/CUDA/10.1.2/libnsight/../lib64/:/GPUFS/sysu_hpcedu_302/opt/usr/lib/../lib64/:/usr/lib/gcc/x86_64-redhat-linux/4.8.5/:/usr/lib/gcc/x86_64-redhat-linux/4.8.5/../../../../lib64/:/lib/../lib64/:/usr/lib/../lib64/:/GPUFS/app_GPU/compiler/CUDA/10.1.2/lib64/stubs/:/GPUFS/app_GPU/compiler/CUDA/10.1.2/libnvvp/:/GPUFS/app_GPU/compiler/CUDA/10.1.2/libnsight/:/GPUFS/app_GPU/compiler/CUDA/10.1.2/lib64/:/GPUFS/sysu_hpcedu_302/opt/usr/lib/:/usr/lib/gcc/x86_64-redhat-linux/4.8.5/../../../:/lib/:/usr/lib/]
  ignore line: [COLLECT_GCC_OPTIONS='-Ofast' '-fopenmp' '-v' '-o' 'CMakeFiles/cmTC_a4021.dir/CMakeCXXCompilerABI.cpp.o' '-c' '-shared-libgcc' '-mtune=generic' '-march=x86-64' '-pthread']
  ignore line: [Linking CXX executable cmTC_a4021]
  ignore line: [/GPUFS/app_GPU/application/cmake/3.14.3/bin/cmake -E cmake_link_script CMakeFiles/cmTC_a4021.dir/link.txt --verbose=1]
  ignore line: [/usr/bin/c++  -Ofast -fopenmp    -v -rdynamic CMakeFiles/cmTC_a4021.dir/CMakeCXXCompilerABI.cpp.o  -o cmTC_a4021 ]
  ignore line: [Using built-in specs.]
  ignore line: [COLLECT_GCC=/usr/bin/c++]
  ignore line: [COLLECT_LTO_WRAPPER=/usr/libexec/gcc/x86_64-redhat-linux/4.8.5/lto-wrapper]
  ignore line: [Target: x86_64-redhat-linux]
  ignore line: [Configured with: ../configure --prefix=/usr --mandir=/usr/share/man --infodir=/usr/share/info --with-bugurl=http://bugzilla.redhat.com/bugzilla --enable-bootstrap --enable-shared --enable-threads=posix --enable-checking=release --with-system-zlib --enable-__cxa_atexit --disable-libunwind-exceptions --enable-gnu-unique-object --enable-linker-build-id --with-linker-hash-style=gnu --enable-languages=c,c++,objc,obj-c++,java,fortran,ada,go,lto --enable-plugin --enable-initfini-array --disable-libgcj --with-isl=/builddir/build/BUILD/gcc-4.8.5-20150702/obj-x86_64-redhat-linux/isl-install --with-cloog=/builddir/build/BUILD/gcc-4.8.5-20150702/obj-x86_64-redhat-linux/cloog-install --enable-gnu-indirect-function --with-tune=generic --with-arch_32=x86-64 --build=x86_64-redhat-linux]
  ignore line: [Thread model: posix]
  ignore line: [gcc version 4.8.5 20150623 (Red Hat 4.8.5-36) (GCC) ]
  ignore line: [COMPILER_PATH=/usr/libexec/gcc/x86_64-redhat-linux/4.8.5/:/usr/libexec/gcc/x86_64-redhat-linux/4.8.5/:/usr/libexec/gcc/x86_64-redhat-linux/:/usr/lib/gcc/x86_64-redhat-linux/4.8.5/:/usr/lib/gcc/x86_64-redhat-linux/]
  ignore line: [LIBRARY_PATH=/GPUFS/app_GPU/compiler/CUDA/10.1.2/libnvvp/../lib64/:/GPUFS/app_GPU/compiler/CUDA/10.1.2/libnsight/../lib64/:/GPUFS/sysu_hpcedu_302/opt/usr/lib/../lib64/:/usr/lib/gcc/x86_64-redhat-linux/4.8.5/:/usr/lib/gcc/x86_64-redhat-linux/4.8.5/../../../../lib64/:/lib/../lib64/:/usr/lib/../lib64/:/GPUFS/app_GPU/compiler/CUDA/10.1.2/lib64/stubs/:/GPUFS/app_GPU/compiler/CUDA/10.1.2/libnvvp/:/GPUFS/app_GPU/compiler/CUDA/10.1.2/libnsight/:/GPUFS/app_GPU/compiler/CUDA/10.1.2/lib64/:/GPUFS/sysu_hpcedu_302/opt/usr/lib/:/usr/lib/gcc/x86_64-redhat-linux/4.8.5/../../../:/lib/:/usr/lib/]
  ignore line: [Reading specs from /usr/lib/gcc/x86_64-redhat-linux/4.8.5/libgomp.spec]
  ignore line: [COLLECT_GCC_OPTIONS='-Ofast' '-fopenmp' '-v' '-rdynamic' '-o' 'cmTC_a4021' '-shared-libgcc' '-mtune=generic' '-march=x86-64' '-pthread']
  link line: [ /usr/libexec/gcc/x86_64-redhat-linux/4.8.5/collect2 --build-id --no-add-needed --eh-frame-hdr --hash-style=gnu -m elf_x86_64 -export-dynamic -dynamic-linker /lib64/ld-linux-x86-64.so.2 -o cmTC_a4021 /usr/lib/gcc/x86_64-redhat-linux/4.8.5/../../../../lib64/crt1.o /usr/lib/gcc/x86_64-redhat-linux/4.8.5/../../../../lib64/crti.o /usr/lib/gcc/x86_64-redhat-linux/4.8.5/crtbegin.o -L/GPUFS/app_GPU/compiler/CUDA/10.1.2/libnvvp/../lib64 -L/GPUFS/app_GPU/compiler/CUDA/10.1.2/libnsight/../lib64 -L/GPUFS/sysu_hpcedu_302/opt/usr/lib/../lib64 -L/usr/lib/gcc/x86_64-redhat-linux/4.8.5 -L/usr/lib/gcc/x86_64-redhat-linux/4.8.5/../../../../lib64 -L/lib/../lib64 -L/usr/lib/../lib64 -L/GPUFS/app_GPU/compiler/CUDA/10.1.2/lib64/stubs -L/GPUFS/app_GPU/compiler/CUDA/10.1.2/libnvvp -L/GPUFS/app_GPU/compiler/CUDA/10.1.2/libnsight -L/GPUFS/app_GPU/compiler/CUDA/10.1.2/lib64 -L/GPUFS/sysu_hpcedu_302/opt/usr/lib -L/usr/lib/gcc/x86_64-redhat-linux/4.8.5/../../.. CMakeFiles/cmTC_a4021.dir/CMakeCXXCompilerABI.cpp.o -lstdc++ -lm -lgomp -lgcc_s -lgcc -lpthread -lc -lgcc_s -lgcc /usr/lib/gcc/x86_64-redhat-linux/4.8.5/crtfastmath.o /usr/lib/gcc/x86_64-redhat-linux/4.8.5/crtend.o /usr/lib/gcc/x86_64-redhat-linux/4.8.5/../../../../lib64/crtn.o]
    arg [/usr/libexec/gcc/x86_64-redhat-linux/4.8.5/collect2] ==> ignore
    arg [--build-id] ==> ignore
    arg [--no-add-needed] ==> ignore
    arg [--eh-frame-hdr] ==> ignore
    arg [--hash-style=gnu] ==> ignore
    arg [-m] ==> ignore
    arg [elf_x86_64] ==> ignore
    arg [-export-dynamic] ==> ignore
    arg [-dynamic-linker] ==> ignore
    arg [/lib64/ld-linux-x86-64.so.2] ==> ignore
    arg [-o] ==> ignore
    arg [cmTC_a4021] ==> ignore
    arg [/usr/lib/gcc/x86_64-redhat-linux/4.8.5/../../../../lib64/crt1.o] ==> ignore
    arg [/usr/lib/gcc/x86_64-redhat-linux/4.8.5/../../../../lib64/crti.o] ==> ignore
    arg [/usr/lib/gcc/x86_64-redhat-linux/4.8.5/crtbegin.o] ==> ignore
    arg [-L/GPUFS/app_GPU/compiler/CUDA/10.1.2/libnvvp/../lib64] ==> dir [/GPUFS/app_GPU/compiler/CUDA/10.1.2/libnvvp/../lib64]
    arg [-L/GPUFS/app_GPU/compiler/CUDA/10.1.2/libnsight/../lib64] ==> dir [/GPUFS/app_GPU/compiler/CUDA/10.1.2/libnsight/../lib64]
    arg [-L/GPUFS/sysu_hpcedu_302/opt/usr/lib/../lib64] ==> dir [/GPUFS/sysu_hpcedu_302/opt/usr/lib/../lib64]
    arg [-L/usr/lib/gcc/x86_64-redhat-linux/4.8.5] ==> dir [/usr/lib/gcc/x86_64-redhat-linux/4.8.5]
    arg [-L/usr/lib/gcc/x86_64-redhat-linux/4.8.5/../../../../lib64] ==> dir [/usr/lib/gcc/x86_64-redhat-linux/4.8.5/../../../../lib64]
    arg [-L/lib/../lib64] ==> dir [/lib/../lib64]
    arg [-L/usr/lib/../lib64] ==> dir [/usr/lib/../lib64]
    arg [-L/GPUFS/app_GPU/compiler/CUDA/10.1.2/lib64/stubs] ==> dir [/GPUFS/app_GPU/compiler/CUDA/10.1.2/lib64/stubs]
    arg [-L/GPUFS/app_GPU/compiler/CUDA/10.1.2/libnvvp] ==> dir [/GPUFS/app_GPU/compiler/CUDA/10.1.2/libnvvp]
    arg [-L/GPUFS/app_GPU/compiler/CUDA/10.1.2/libnsight] ==> dir [/GPUFS/app_GPU/compiler/CUDA/10.1.2/libnsight]
    arg [-L/GPUFS/app_GPU/compiler/CUDA/10.1.2/lib64] ==> dir [/GPUFS/app_GPU/compiler/CUDA/10.1.2/lib64]
    arg [-L/GPUFS/sysu_hpcedu_302/opt/usr/lib] ==> dir [/GPUFS/sysu_hpcedu_302/opt/usr/lib]
    arg [-L/usr/lib/gcc/x86_64-redhat-linux/4.8.5/../../..] ==> dir [/usr/lib/gcc/x86_64-redhat-linux/4.8.5/../../..]
    arg [CMakeFiles/cmTC_a4021.dir/CMakeCXXCompilerABI.cpp.o] ==> ignore
    arg [-lstdc++] ==> lib [stdc++]
    arg [-lm] ==> lib [m]
    arg [-lgomp] ==> lib [gomp]
    arg [-lgcc_s] ==> lib [gcc_s]
    arg [-lgcc] ==> lib [gcc]
    arg [-lpthread] ==> lib [pthread]
    arg [-lc] ==> lib [c]
    arg [-lgcc_s] ==> lib [gcc_s]
    arg [-lgcc] ==> lib [gcc]
    arg [/usr/lib/gcc/x86_64-redhat-linux/4.8.5/crtfastmath.o] ==> ignore
    arg [/usr/lib/gcc/x86_64-redhat-linux/4.8.5/crtend.o] ==> ignore
    arg [/usr/lib/gcc/x86_64-redhat-linux/4.8.5/../../../../lib64/crtn.o] ==> ignore
  collapse library dir [/GPUFS/app_GPU/compiler/CUDA/10.1.2/libnvvp/../lib64] ==> [/GPUFS/app_GPU/compiler/CUDA/10.1.2/lib64]
  collapse library dir [/GPUFS/app_GPU/compiler/CUDA/10.1.2/libnsight/../lib64] ==> [/GPUFS/app_GPU/compiler/CUDA/10.1.2/lib64]
  collapse library dir [/GPUFS/sysu_hpcedu_302/opt/usr/lib/../lib64] ==> [/GPUFS/sysu_hpcedu_302/opt/usr/lib64]
  collapse library dir [/usr/lib/gcc/x86_64-redhat-linux/4.8.5] ==> [/usr/lib/gcc/x86_64-redhat-linux/4.8.5]
  collapse library dir [/usr/lib/gcc/x86_64-redhat-linux/4.8.5/../../../../lib64] ==> [/usr/lib64]
  collapse library dir [/lib/../lib64] ==> [/lib64]
  collapse library dir [/usr/lib/../lib64] ==> [/usr/lib64]
  collapse library dir [/GPUFS/app_GPU/compiler/CUDA/10.1.2/lib64/stubs] ==> [/GPUFS/app_GPU/compiler/CUDA/10.1.2/lib64/stubs]
  collapse library dir [/GPUFS/app_GPU/compiler/CUDA/10.1.2/libnvvp] ==> [/GPUFS/app_GPU/compiler/CUDA/10.1.2/libnvvp]
  collapse library dir [/GPUFS/app_GPU/compiler/CUDA/10.1.2/libnsight] ==> [/GPUFS/app_GPU/compiler/CUDA/10.1.2/libnsight]
  collapse library dir [/GPUFS/app_GPU/compiler/CUDA/10.1.2/lib64] ==> [/GPUFS/app_GPU/compiler/CUDA/10.1.2/lib64]
  collapse library dir [/GPUFS/sysu_hpcedu_302/opt/usr/lib] ==> [/GPUFS/sysu_hpcedu_302/opt/usr/lib]
  collapse library dir [/usr/lib/gcc/x86_64-redhat-linux/4.8.5/../../..] ==> [/usr/lib]
  implicit libs: [stdc++;m;gomp;gcc_s;gcc;pthread;c;gcc_s;gcc]
  implicit dirs: [/GPUFS/app_GPU/compiler/CUDA/10.1.2/lib64;/GPUFS/sysu_hpcedu_302/opt/usr/lib64;/usr/lib/gcc/x86_64-redhat-linux/4.8.5;/usr/lib64;/lib64;/GPUFS/app_GPU/compiler/CUDA/10.1.2/lib64/stubs;/GPUFS/app_GPU/compiler/CUDA/10.1.2/libnvvp;/GPUFS/app_GPU/compiler/CUDA/10.1.2/libnsight;/GPUFS/sysu_hpcedu_302/opt/usr/lib;/usr/lib]
  implicit fwks: []




Detecting CXX [-std=c++1y] compiler features compiled with the following output:
Change Dir: /GPUFS/sysu_hpcedu_302/asc20/WuK/multicore-hw2/sources/build/CMakeFiles/CMakeTmp

Run Build Command(s):/usr/bin/gmake cmTC_bb0e3/fast 
/usr/bin/gmake -f CMakeFiles/cmTC_bb0e3.dir/build.make CMakeFiles/cmTC_bb0e3.dir/build
gmake[1]: Entering directory `/GPUFS/sysu_hpcedu_302/asc20/WuK/multicore-hw2/sources/build/CMakeFiles/CMakeTmp'
Building CXX object CMakeFiles/cmTC_bb0e3.dir/feature_tests.cxx.o
/usr/bin/c++    -Ofast -fopenmp    -std=c++1y -o CMakeFiles/cmTC_bb0e3.dir/feature_tests.cxx.o -c /GPUFS/sysu_hpcedu_302/asc20/WuK/multicore-hw2/sources/build/CMakeFiles/feature_tests.cxx
Linking CXX executable cmTC_bb0e3
/GPUFS/app_GPU/application/cmake/3.14.3/bin/cmake -E cmake_link_script CMakeFiles/cmTC_bb0e3.dir/link.txt --verbose=1
/usr/bin/c++  -Ofast -fopenmp     -rdynamic CMakeFiles/cmTC_bb0e3.dir/feature_tests.cxx.o  -o cmTC_bb0e3 
gmake[1]: Leaving directory `/GPUFS/sysu_hpcedu_302/asc20/WuK/multicore-hw2/sources/build/CMakeFiles/CMakeTmp'


    Feature record: CXX_FEATURE:0cxx_aggregate_default_initializers
    Feature record: CXX_FEATURE:1cxx_alias_templates
    Feature record: CXX_FEATURE:1cxx_alignas
    Feature record: CXX_FEATURE:1cxx_alignof
    Feature record: CXX_FEATURE:1cxx_attributes
    Feature record: CXX_FEATURE:0cxx_attribute_deprecated
    Feature record: CXX_FEATURE:1cxx_auto_type
    Feature record: CXX_FEATURE:0cxx_binary_literals
    Feature record: CXX_FEATURE:1cxx_constexpr
    Feature record: CXX_FEATURE:0cxx_contextual_conversions
    Feature record: CXX_FEATURE:1cxx_decltype
    Feature record: CXX_FEATURE:0cxx_decltype_auto
    Feature record: CXX_FEATURE:1cxx_decltype_incomplete_return_types
    Feature record: CXX_FEATURE:1cxx_default_function_template_args
    Feature record: CXX_FEATURE:1cxx_defaulted_functions
    Feature record: CXX_FEATURE:1cxx_defaulted_move_initializers
    Feature record: CXX_FEATURE:1cxx_delegating_constructors
    Feature record: CXX_FEATURE:1cxx_deleted_functions
    Feature record: CXX_FEATURE:0cxx_digit_separators
    Feature record: CXX_FEATURE:1cxx_enum_forward_declarations
    Feature record: CXX_FEATURE:1cxx_explicit_conversions
    Feature record: CXX_FEATURE:1cxx_extended_friend_declarations
    Feature record: CXX_FEATURE:1cxx_extern_templates
    Feature record: CXX_FEATURE:1cxx_final
    Feature record: CXX_FEATURE:1cxx_func_identifier
    Feature record: CXX_FEATURE:1cxx_generalized_initializers
    Feature record: CXX_FEATURE:0cxx_generic_lambdas
    Feature record: CXX_FEATURE:1cxx_inheriting_constructors
    Feature record: CXX_FEATURE:1cxx_inline_namespaces
    Feature record: CXX_FEATURE:1cxx_lambdas
    Feature record: CXX_FEATURE:0cxx_lambda_init_captures
    Feature record: CXX_FEATURE:1cxx_local_type_template_args
    Feature record: CXX_FEATURE:1cxx_long_long_type
    Feature record: CXX_FEATURE:1cxx_noexcept
    Feature record: CXX_FEATURE:1cxx_nonstatic_member_init
    Feature record: CXX_FEATURE:1cxx_nullptr
    Feature record: CXX_FEATURE:1cxx_override
    Feature record: CXX_FEATURE:1cxx_range_for
    Feature record: CXX_FEATURE:1cxx_raw_string_literals
    Feature record: CXX_FEATURE:1cxx_reference_qualified_functions
    Feature record: CXX_FEATURE:0cxx_relaxed_constexpr
    Feature record: CXX_FEATURE:0cxx_return_type_deduction
    Feature record: CXX_FEATURE:1cxx_right_angle_brackets
    Feature record: CXX_FEATURE:1cxx_rvalue_references
    Feature record: CXX_FEATURE:1cxx_sizeof_member
    Feature record: CXX_FEATURE:1cxx_static_assert
    Feature record: CXX_FEATURE:1cxx_strong_enums
    Feature record: CXX_FEATURE:1cxx_template_template_parameters
    Feature record: CXX_FEATURE:1cxx_thread_local
    Feature record: CXX_FEATURE:1cxx_trailing_return_types
    Feature record: CXX_FEATURE:1cxx_unicode_literals
    Feature record: CXX_FEATURE:1cxx_uniform_initialization
    Feature record: CXX_FEATURE:1cxx_unrestricted_unions
    Feature record: CXX_FEATURE:1cxx_user_literals
    Feature record: CXX_FEATURE:0cxx_variable_templates
    Feature record: CXX_FEATURE:1cxx_variadic_macros
    Feature record: CXX_FEATURE:1cxx_variadic_templates


Detecting CXX [-std=c++11] compiler features compiled with the following output:
Change Dir: /GPUFS/sysu_hpcedu_302/asc20/WuK/multicore-hw2/sources/build/CMakeFiles/CMakeTmp

Run Build Command(s):/usr/bin/gmake cmTC_acbe9/fast 
/usr/bin/gmake -f CMakeFiles/cmTC_acbe9.dir/build.make CMakeFiles/cmTC_acbe9.dir/build
gmake[1]: Entering directory `/GPUFS/sysu_hpcedu_302/asc20/WuK/multicore-hw2/sources/build/CMakeFiles/CMakeTmp'
Building CXX object CMakeFiles/cmTC_acbe9.dir/feature_tests.cxx.o
/usr/bin/c++    -Ofast -fopenmp    -std=c++11 -o CMakeFiles/cmTC_acbe9.dir/feature_tests.cxx.o -c /GPUFS/sysu_hpcedu_302/asc20/WuK/multicore-hw2/sources/build/CMakeFiles/feature_tests.cxx
Linking CXX executable cmTC_acbe9
/GPUFS/app_GPU/application/cmake/3.14.3/bin/cmake -E cmake_link_script CMakeFiles/cmTC_acbe9.dir/link.txt --verbose=1
/usr/bin/c++  -Ofast -fopenmp     -rdynamic CMakeFiles/cmTC_acbe9.dir/feature_tests.cxx.o  -o cmTC_acbe9 
gmake[1]: Leaving directory `/GPUFS/sysu_hpcedu_302/asc20/WuK/multicore-hw2/sources/build/CMakeFiles/CMakeTmp'


    Feature record: CXX_FEATURE:0cxx_aggregate_default_initializers
    Feature record: CXX_FEATURE:1cxx_alias_templates
    Feature record: CXX_FEATURE:1cxx_alignas
    Feature record: CXX_FEATURE:1cxx_alignof
    Feature record: CXX_FEATURE:1cxx_attributes
    Feature record: CXX_FEATURE:0cxx_attribute_deprecated
    Feature record: CXX_FEATURE:1cxx_auto_type
    Feature record: CXX_FEATURE:0cxx_binary_literals
    Feature record: CXX_FEATURE:1cxx_constexpr
    Feature record: CXX_FEATURE:0cxx_contextual_conversions
    Feature record: CXX_FEATURE:1cxx_decltype
    Feature record: CXX_FEATURE:0cxx_decltype_auto
    Feature record: CXX_FEATURE:1cxx_decltype_incomplete_return_types
    Feature record: CXX_FEATURE:1cxx_default_function_template_args
    Feature record: CXX_FEATURE:1cxx_defaulted_functions
    Feature record: CXX_FEATURE:1cxx_defaulted_move_initializers
    Feature record: CXX_FEATURE:1cxx_delegating_constructors
    Feature record: CXX_FEATURE:1cxx_deleted_functions
    Feature record: CXX_FEATURE:0cxx_digit_separators
    Feature record: CXX_FEATURE:1cxx_enum_forward_declarations
    Feature record: CXX_FEATURE:1cxx_explicit_conversions
    Feature record: CXX_FEATURE:1cxx_extended_friend_declarations
    Feature record: CXX_FEATURE:1cxx_extern_templates
    Feature record: CXX_FEATURE:1cxx_final
    Feature record: CXX_FEATURE:1cxx_func_identifier
    Feature record: CXX_FEATURE:1cxx_generalized_initializers
    Feature record: CXX_FEATURE:0cxx_generic_lambdas
    Feature record: CXX_FEATURE:1cxx_inheriting_constructors
    Feature record: CXX_FEATURE:1cxx_inline_namespaces
    Feature record: CXX_FEATURE:1cxx_lambdas
    Feature record: CXX_FEATURE:0cxx_lambda_init_captures
    Feature record: CXX_FEATURE:1cxx_local_type_template_args
    Feature record: CXX_FEATURE:1cxx_long_long_type
    Feature record: CXX_FEATURE:1cxx_noexcept
    Feature record: CXX_FEATURE:1cxx_nonstatic_member_init
    Feature record: CXX_FEATURE:1cxx_nullptr
    Feature record: CXX_FEATURE:1cxx_override
    Feature record: CXX_FEATURE:1cxx_range_for
    Feature record: CXX_FEATURE:1cxx_raw_string_literals
    Feature record: CXX_FEATURE:1cxx_reference_qualified_functions
    Feature record: CXX_FEATURE:0cxx_relaxed_constexpr
    Feature record: CXX_FEATURE:0cxx_return_type_deduction
    Feature record: CXX_FEATURE:1cxx_right_angle_brackets
    Feature record: CXX_FEATURE:1cxx_rvalue_references
    Feature record: CXX_FEATURE:1cxx_sizeof_member
    Feature record: CXX_FEATURE:1cxx_static_assert
    Feature record: CXX_FEATURE:1cxx_strong_enums
    Feature record: CXX_FEATURE:1cxx_template_template_parameters
    Feature record: CXX_FEATURE:1cxx_thread_local
    Feature record: CXX_FEATURE:1cxx_trailing_return_types
    Feature record: CXX_FEATURE:1cxx_unicode_literals
    Feature record: CXX_FEATURE:1cxx_uniform_initialization
    Feature record: CXX_FEATURE:1cxx_unrestricted_unions
    Feature record: CXX_FEATURE:1cxx_user_literals
    Feature record: CXX_FEATURE:0cxx_variable_templates
    Feature record: CXX_FEATURE:1cxx_variadic_macros
    Feature record: CXX_FEATURE:1cxx_variadic_templates


Detecting CXX [-std=c++98] compiler features compiled with the following output:
Change Dir: /GPUFS/sysu_hpcedu_302/asc20/WuK/multicore-hw2/sources/build/CMakeFiles/CMakeTmp

Run Build Command(s):/usr/bin/gmake cmTC_90429/fast 
/usr/bin/gmake -f CMakeFiles/cmTC_90429.dir/build.make CMakeFiles/cmTC_90429.dir/build
gmake[1]: Entering directory `/GPUFS/sysu_hpcedu_302/asc20/WuK/multicore-hw2/sources/build/CMakeFiles/CMakeTmp'
Building CXX object CMakeFiles/cmTC_90429.dir/feature_tests.cxx.o
/usr/bin/c++    -Ofast -fopenmp    -std=c++98 -o CMakeFiles/cmTC_90429.dir/feature_tests.cxx.o -c /GPUFS/sysu_hpcedu_302/asc20/WuK/multicore-hw2/sources/build/CMakeFiles/feature_tests.cxx
Linking CXX executable cmTC_90429
/GPUFS/app_GPU/application/cmake/3.14.3/bin/cmake -E cmake_link_script CMakeFiles/cmTC_90429.dir/link.txt --verbose=1
/usr/bin/c++  -Ofast -fopenmp     -rdynamic CMakeFiles/cmTC_90429.dir/feature_tests.cxx.o  -o cmTC_90429 
gmake[1]: Leaving directory `/GPUFS/sysu_hpcedu_302/asc20/WuK/multicore-hw2/sources/build/CMakeFiles/CMakeTmp'


    Feature record: CXX_FEATURE:0cxx_aggregate_default_initializers
    Feature record: CXX_FEATURE:0cxx_alias_templates
    Feature record: CXX_FEATURE:0cxx_alignas
    Feature record: CXX_FEATURE:0cxx_alignof
    Feature record: CXX_FEATURE:0cxx_attributes
    Feature record: CXX_FEATURE:0cxx_attribute_deprecated
    Feature record: CXX_FEATURE:0cxx_auto_type
    Feature record: CXX_FEATURE:0cxx_binary_literals
    Feature record: CXX_FEATURE:0cxx_constexpr
    Feature record: CXX_FEATURE:0cxx_contextual_conversions
    Feature record: CXX_FEATURE:0cxx_decltype
    Feature record: CXX_FEATURE:0cxx_decltype_auto
    Feature record: CXX_FEATURE:0cxx_decltype_incomplete_return_types
    Feature record: CXX_FEATURE:0cxx_default_function_template_args
    Feature record: CXX_FEATURE:0cxx_defaulted_functions
    Feature record: CXX_FEATURE:0cxx_defaulted_move_initializers
    Feature record: CXX_FEATURE:0cxx_delegating_constructors
    Feature record: CXX_FEATURE:0cxx_deleted_functions
    Feature record: CXX_FEATURE:0cxx_digit_separators
    Feature record: CXX_FEATURE:0cxx_enum_forward_declarations
    Feature record: CXX_FEATURE:0cxx_explicit_conversions
    Feature record: CXX_FEATURE:0cxx_extended_friend_declarations
    Feature record: CXX_FEATURE:0cxx_extern_templates
    Feature record: CXX_FEATURE:0cxx_final
    Feature record: CXX_FEATURE:0cxx_func_identifier
    Feature record: CXX_FEATURE:0cxx_generalized_initializers
    Feature record: CXX_FEATURE:0cxx_generic_lambdas
    Feature record: CXX_FEATURE:0cxx_inheriting_constructors
    Feature record: CXX_FEATURE:0cxx_inline_namespaces
    Feature record: CXX_FEATURE:0cxx_lambdas
    Feature record: CXX_FEATURE:0cxx_lambda_init_captures
    Feature record: CXX_FEATURE:0cxx_local_type_template_args
    Feature record: CXX_FEATURE:0cxx_long_long_type
    Feature record: CXX_FEATURE:0cxx_noexcept
    Feature record: CXX_FEATURE:0cxx_nonstatic_member_init
    Feature record: CXX_FEATURE:0cxx_nullptr
    Feature record: CXX_FEATURE:0cxx_override
    Feature record: CXX_FEATURE:0cxx_range_for
    Feature record: CXX_FEATURE:0cxx_raw_string_literals
    Feature record: CXX_FEATURE:0cxx_reference_qualified_functions
    Feature record: CXX_FEATURE:0cxx_relaxed_constexpr
    Feature record: CXX_FEATURE:0cxx_return_type_deduction
    Feature record: CXX_FEATURE:0cxx_right_angle_brackets
    Feature record: CXX_FEATURE:0cxx_rvalue_references
    Feature record: CXX_FEATURE:0cxx_sizeof_member
    Feature record: CXX_FEATURE:0cxx_static_assert
    Feature record: CXX_FEATURE:0cxx_strong_enums
    Feature record: CXX_FEATURE:1cxx_template_template_parameters
    Feature record: CXX_FEATURE:0cxx_thread_local
    Feature record: CXX_FEATURE:0cxx_trailing_return_types
    Feature record: CXX_FEATURE:0cxx_unicode_literals
    Feature record: CXX_FEATURE:0cxx_uniform_initialization
    Feature record: CXX_FEATURE:0cxx_unrestricted_unions
    Feature record: CXX_FEATURE:0cxx_user_literals
    Feature record: CXX_FEATURE:0cxx_variable_templates
    Feature record: CXX_FEATURE:0cxx_variadic_macros
    Feature record: CXX_FEATURE:0cxx_variadic_templates
Determining if the include file pthread.h exists passed with the following output:
Change Dir: /GPUFS/sysu_hpcedu_302/asc20/WuK/multicore-hw2/sources/build/CMakeFiles/CMakeTmp

Run Build Command(s):/usr/bin/gmake cmTC_28a77/fast 
/usr/bin/gmake -f CMakeFiles/cmTC_28a77.dir/build.make CMakeFiles/cmTC_28a77.dir/build
gmake[1]: Entering directory `/GPUFS/sysu_hpcedu_302/asc20/WuK/multicore-hw2/sources/build/CMakeFiles/CMakeTmp'
Building C object CMakeFiles/cmTC_28a77.dir/CheckIncludeFile.c.o
/usr/bin/cc   -fPIC    -o CMakeFiles/cmTC_28a77.dir/CheckIncludeFile.c.o   -c /GPUFS/sysu_hpcedu_302/asc20/WuK/multicore-hw2/sources/build/CMakeFiles/CMakeTmp/CheckIncludeFile.c
Linking C executable cmTC_28a77
/GPUFS/app_GPU/application/cmake/3.14.3/bin/cmake -E cmake_link_script CMakeFiles/cmTC_28a77.dir/link.txt --verbose=1
/usr/bin/cc -fPIC     -rdynamic CMakeFiles/cmTC_28a77.dir/CheckIncludeFile.c.o  -o cmTC_28a77 
gmake[1]: Leaving directory `/GPUFS/sysu_hpcedu_302/asc20/WuK/multicore-hw2/sources/build/CMakeFiles/CMakeTmp'


Determining if the function pthread_create exists in the pthread passed with the following output:
Change Dir: /GPUFS/sysu_hpcedu_302/asc20/WuK/multicore-hw2/sources/build/CMakeFiles/CMakeTmp

Run Build Command(s):/usr/bin/gmake cmTC_b8b57/fast 
/usr/bin/gmake -f CMakeFiles/cmTC_b8b57.dir/build.make CMakeFiles/cmTC_b8b57.dir/build
gmake[1]: Entering directory `/GPUFS/sysu_hpcedu_302/asc20/WuK/multicore-hw2/sources/build/CMakeFiles/CMakeTmp'
Building C object CMakeFiles/cmTC_b8b57.dir/CheckFunctionExists.c.o
/usr/bin/cc   -fPIC -DCHECK_FUNCTION_EXISTS=pthread_create   -o CMakeFiles/cmTC_b8b57.dir/CheckFunctionExists.c.o   -c /GPUFS/app_GPU/application/cmake/3.14.3/share/cmake-3.14/Modules/CheckFunctionExists.c
Linking C executable cmTC_b8b57
/GPUFS/app_GPU/application/cmake/3.14.3/bin/cmake -E cmake_link_script CMakeFiles/cmTC_b8b57.dir/link.txt --verbose=1
/usr/bin/cc -fPIC -DCHECK_FUNCTION_EXISTS=pthread_create    -rdynamic CMakeFiles/cmTC_b8b57.dir/CheckFunctionExists.c.o  -o cmTC_b8b57 -lpthread 
gmake[1]: Leaving directory `/GPUFS/sysu_hpcedu_302/asc20/WuK/multicore-hw2/sources/build/CMakeFiles/CMakeTmp'


